<?xml version="1.0" encoding="UTF-8"?>
<!-- Generated by org.testng.reporters.JUnitXMLReporter -->
<testsuite ignored="0" hostname="F1TestCore2" failures="1" tests="20" name="ABE Open Murabaha Account Murabaha Financing" time="2542.266" errors="0" timestamp="2023-10-24T22:29:22 EEST">
  <testcase classname="tests.ABEOpenMurabahaAccountMurabahaFinancingTest" name="openMurabahaAccountMurabahaFinancingTest" time="146.829"/>
  <testcase classname="tests.ABEOpenMurabahaAccountMurabahaFinancingTest" name="openMurabahaAccountMurabahaFinancingTest" time="146.924"/>
  <testcase classname="tests.ABEOpenMurabahaAccountMurabahaFinancingTest" name="openMurabahaAccountMurabahaFinancingTest" time="146.478"/>
  <testcase classname="tests.ABEOpenMurabahaAccountMurabahaFinancingTest" name="openMurabahaAccountMurabahaFinancingTest" time="147.347"/>
  <testcase classname="tests.ABEOpenMurabahaAccountMurabahaFinancingTest" name="openMurabahaAccountMurabahaFinancingTest" time="146.613"/>
  <testcase classname="tests.ABEOpenMurabahaAccountMurabahaFinancingTest" name="openMurabahaAccountMurabahaFinancingTest" time="150.705"/>
  <testcase classname="tests.ABEOpenMurabahaAccountMurabahaFinancingTest" name="openMurabahaAccountMurabahaFinancingTest" time="150.961"/>
  <testcase classname="tests.ABEOpenMurabahaAccountMurabahaFinancingTest" name="openMurabahaAccountMurabahaFinancingTest" time="150.85"/>
  <testcase classname="tests.ABEOpenMurabahaAccountMurabahaFinancingTest" name="openMurabahaAccountMurabahaFinancingTest" time="151.535"/>
  <testcase classname="tests.ABEOpenMurabahaAccountMurabahaFinancingTest" name="openMurabahaAccountMurabahaFinancingTest" time="151.167"/>
  <testcase classname="tests.ABEVerifyMurabahaAccountOpeningMurabahaFinancingTest" name="verifyIslamicMurabahaAccountOpeningTest" time="88.278"/>
  <testcase classname="tests.ABEVerifyMurabahaAccountOpeningMurabahaFinancingTest" name="verifyIslamicMurabahaAccountOpeningTest" time="89.869"/>
  <testcase classname="tests.ABEVerifyMurabahaAccountOpeningMurabahaFinancingTest" name="verifyIslamicMurabahaAccountOpeningTest" time="90.068"/>
  <testcase classname="tests.ABEVerifyMurabahaAccountOpeningMurabahaFinancingTest" name="verifyIslamicMurabahaAccountOpeningTest" time="90.092"/>
  <testcase classname="tests.ABEVerifyMurabahaAccountOpeningMurabahaFinancingTest" name="verifyIslamicMurabahaAccountOpeningTest" time="91.289">
    <failure type="java.lang.AssertionError">
      <![CDATA[java.lang.AssertionError: 
at utils.AssertionFactory.checkExpectedResult(AssertionFactory.java:8)
at tests.ABEVerifyMurabahaAccountOpeningMurabahaFinancingTest.verifyIslamicMurabahaAccountOpeningTest(ABEVerifyMurabahaAccountOpeningMurabahaFinancingTest.java:57)
at java.base/java.util.ArrayList.forEach(ArrayList.java:1511)
at java.base/java.util.concurrent.ThreadPoolExecutor.runWorker(ThreadPoolExecutor.java:1136)
at java.base/java.util.concurrent.ThreadPoolExecutor$Worker.run(ThreadPoolExecutor.java:635)
at java.base/java.lang.Thread.run(Thread.java:833)
... Removed 23 stack frames]]>
    </failure>
  </testcase> <!-- verifyIslamicMurabahaAccountOpeningTest -->
  <testcase classname="tests.ABEVerifyMurabahaAccountOpeningMurabahaFinancingTest" name="verifyIslamicMurabahaAccountOpeningTest" time="89.965"/>
  <testcase classname="tests.ABEVerifyMurabahaAccountOpeningMurabahaFinancingTest" name="verifyIslamicMurabahaAccountOpeningTest" time="90.042"/>
  <testcase classname="tests.ABEVerifyMurabahaAccountOpeningMurabahaFinancingTest" name="verifyIslamicMurabahaAccountOpeningTest" time="89.998"/>
  <testcase classname="tests.ABEVerifyMurabahaAccountOpeningMurabahaFinancingTest" name="verifyIslamicMurabahaAccountOpeningTest" time="89.858"/>
  <testcase classname="tests.ABEVerifyMurabahaAccountOpeningMurabahaFinancingTest" name="verifyIslamicMurabahaAccountOpeningTest" time="89.994"/>
</testsuite> <!-- ABE Open Murabaha Account Murabaha Financing -->
