<?xml version="1.0" encoding="UTF-8"?>
<!-- Generated by org.testng.reporters.JUnitReportReporter -->
<testsuite hostname="F1Team04" failures="0" tests="1" name="tests.ABE_OpenIslamicSavingsAccount_MudarabahSBA2" time="0.785" errors="1" timestamp="2023-09-13T10:31:56 EEST" skipped="0">
  <testcase classname="tests.ABE_OpenIslamicSavingsAccount_MudarabahSBA2" name="test" time="0.785">
    <error message="
[public void tests.ABE_OpenIslamicSavingsAccount_MudarabahSBA2.test(data.OpenIslamicSavingsAccountData2) throws java.lang.Exception] has no parameters defined but was found to be using a data provider (either explicitly specified or inherited from class level annotation).
Data provider mismatch
Method: test([data.OpenIslamicSavingsAccountData2 arg0])
Arguments: [(data.OpenIslamicSavingsAccountData) data.OpenIslamicSavingsAccountData@2facb1b9]" type="org.testng.internal.reflect.MethodMatcherException">
      <![CDATA[org.testng.internal.reflect.MethodMatcherException: 
[public void tests.ABE_OpenIslamicSavingsAccount_MudarabahSBA2.test(data.OpenIslamicSavingsAccountData2) throws java.lang.Exception] has no parameters defined but was found to be using a data provider (either explicitly specified or inherited from class level annotation).
Data provider mismatch
Method: test([data.OpenIslamicSavingsAccountData2 arg0])
Arguments: [(data.OpenIslamicSavingsAccountData) data.OpenIslamicSavingsAccountData@2facb1b9]
at org.testng.internal.reflect.DataProviderMethodMatcher.getConformingArguments(DataProviderMethodMatcher.java:46)
at org.testng.internal.Parameters.injectParameters(Parameters.java:909)
at org.testng.internal.invokers.MethodRunner.runInSequence(MethodRunner.java:37)
at org.testng.internal.invokers.TestInvoker$MethodInvocationAgent.invoke(TestInvoker.java:957)
at org.testng.internal.invokers.TestInvoker.invokeTestMethods(TestInvoker.java:200)
at org.testng.internal.invokers.TestMethodWorker.invokeTestMethods(TestMethodWorker.java:148)
at org.testng.internal.invokers.TestMethodWorker.run(TestMethodWorker.java:128)
at java.base/java.util.concurrent.ThreadPoolExecutor.runWorker(ThreadPoolExecutor.java:1136)
at java.base/java.util.concurrent.ThreadPoolExecutor$Worker.run(ThreadPoolExecutor.java:635)
at java.base/java.lang.Thread.run(Thread.java:833)
]]>
    </error>
  </testcase> <!-- test -->
</testsuite> <!-- tests.ABE_OpenIslamicSavingsAccount_MudarabahSBA2 -->
