<?xml version="1.0" encoding="UTF-8"?>
<!-- Generated by org.testng.reporters.JUnitReportReporter -->
<testsuite hostname="F1TestCore13" failures="0" tests="1" name="tests.ABECreateACHEROutwardTest" time="42.832" errors="1" timestamp="2023-10-11T14:06:07 EEST" skipped="0">
  <testcase classname="tests.ABECreateACHEROutwardTest" name="CreateAchOutward" time="42.832">
    <error message="element click intercepted: Element &lt;iframe align=&quot;left&quot; width=&quot;100%&quot; height=&quot;100%&quot; name=&quot;formArea&quot; scrolling=&quot;no&quot; marginheight=&quot;170px&quot; frameborder=&quot;0&quot; backgroundcolor=&quot;white&quot; src=&quot;jsp/finUXDummy.jsp&quot; onload=&quot;resizeIframe();&quot; style=&quot;height: 677px;&quot; cd_frame_id_=&quot;db1e168e67be0825539478013a3784c5&quot;&gt;...&lt;/iframe&gt; is not clickable at point (1220, 525). Other element would receive the click: &lt;div class=&quot;dijitDialogUnderlay _underlay&quot; tabindex=&quot;-1&quot; data-dojo-attach-point=&quot;node&quot; id=&quot;finErrorPopup_underlay&quot; style=&quot;width: 1583px; height: 668px;&quot;&gt;&lt;/div&gt;
  (Session info: chrome=90.0.4430.72)
Build info: version: &#039;3.141.59&#039;, revision: &#039;e82be7d358&#039;, time: &#039;2018-11-14T08:17:03&#039;
System info: host: &#039;F1TESTCORE13&#039;, ip: &#039;10.10.23.233&#039;, os.name: &#039;Windows 10&#039;, os.arch: &#039;amd64&#039;, os.version: &#039;10.0&#039;, java.version: &#039;17.0.8&#039;
Driver info: org.openqa.selenium.remote.RemoteWebDriver
Capabilities {acceptInsecureCerts: false, browserName: chrome, browserVersion: 90.0.4430.72, chrome: {chromedriverVersion: 90.0.4430.24 (4c6d850f087da..., userDataDir: C:\Users\IHAB~1.SAF\AppData...}, goog:chromeOptions: {debuggerAddress: localhost:63796}, javascriptEnabled: true, networkConnectionEnabled: false, pageLoadStrategy: normal, platform: WINDOWS, platformName: WINDOWS, proxy: Proxy(), setWindowRect: true, strictFileInteractability: false, timeouts: {implicit: 0, pageLoad: 300000, script: 30000}, unhandledPromptBehavior: dismiss and notify, webauthn:extension:largeBlob: true, webauthn:virtualAuthenticators: true, webdriver.remote.sessionid: 142d136c5adb45614e7d62a60c0...}
Session ID: 142d136c5adb45614e7d62a60c095604" type="org.openqa.selenium.ElementClickInterceptedException">
      <![CDATA[org.openqa.selenium.ElementClickInterceptedException: element click intercepted: Element <iframe align="left" width="100%" height="100%" name="formArea" scrolling="no" marginheight="170px" frameborder="0" backgroundcolor="white" src="jsp/finUXDummy.jsp" onload="resizeIframe();" style="height: 677px;" cd_frame_id_="db1e168e67be0825539478013a3784c5">...</iframe> is not clickable at point (1220, 525). Other element would receive the click: <div class="dijitDialogUnderlay _underlay" tabindex="-1" data-dojo-attach-point="node" id="finErrorPopup_underlay" style="width: 1583px; height: 668px;"></div>
  (Session info: chrome=90.0.4430.72)
Build info: version: '3.141.59', revision: 'e82be7d358', time: '2018-11-14T08:17:03'
System info: host: 'F1TESTCORE13', ip: '10.10.23.233', os.name: 'Windows 10', os.arch: 'amd64', os.version: '10.0', java.version: '17.0.8'
Driver info: org.openqa.selenium.remote.RemoteWebDriver
Capabilities {acceptInsecureCerts: false, browserName: chrome, browserVersion: 90.0.4430.72, chrome: {chromedriverVersion: 90.0.4430.24 (4c6d850f087da..., userDataDir: C:\Users\IHAB~1.SAF\AppData...}, goog:chromeOptions: {debuggerAddress: localhost:63796}, javascriptEnabled: true, networkConnectionEnabled: false, pageLoadStrategy: normal, platform: WINDOWS, platformName: WINDOWS, proxy: Proxy(), setWindowRect: true, strictFileInteractability: false, timeouts: {implicit: 0, pageLoad: 300000, script: 30000}, unhandledPromptBehavior: dismiss and notify, webauthn:extension:largeBlob: true, webauthn:virtualAuthenticators: true, webdriver.remote.sessionid: 142d136c5adb45614e7d62a60c0...}
Session ID: 142d136c5adb45614e7d62a60c095604
at java.base/jdk.internal.reflect.NativeConstructorAccessorImpl.newInstance0(Native Method)
at java.base/jdk.internal.reflect.NativeConstructorAccessorImpl.newInstance(NativeConstructorAccessorImpl.java:77)
at java.base/jdk.internal.reflect.DelegatingConstructorAccessorImpl.newInstance(DelegatingConstructorAccessorImpl.java:45)
at java.base/java.lang.reflect.Constructor.newInstanceWithCaller(Constructor.java:499)
at java.base/java.lang.reflect.Constructor.newInstance(Constructor.java:480)
at org.openqa.selenium.remote.http.W3CHttpResponseCodec.createException(W3CHttpResponseCodec.java:187)
at org.openqa.selenium.remote.http.W3CHttpResponseCodec.decode(W3CHttpResponseCodec.java:122)
at org.openqa.selenium.remote.http.W3CHttpResponseCodec.decode(W3CHttpResponseCodec.java:49)
at org.openqa.selenium.remote.HttpCommandExecutor.execute(HttpCommandExecutor.java:158)
at org.openqa.selenium.remote.RemoteWebDriver.execute(RemoteWebDriver.java:552)
at org.openqa.selenium.remote.RemoteWebElement.execute(RemoteWebElement.java:285)
at org.openqa.selenium.remote.RemoteWebElement.click(RemoteWebElement.java:84)
at utils.PageFunctionUtils.clickOnElement(PageFunctionUtils.java:13)
at pageobjects.ABECreateOutwardTransferPaymentPage.sendKeysAchOutwardPayment(ABECreateOutwardTransferPaymentPage.java:208)
at procedures.ABECreateOutwardTransferPaymentProcedures.AchOutwardByMaker(ABECreateOutwardTransferPaymentProcedures.java:15)
at tests.ABECreateACHEROutwardTest.CreateAchOutward(ABECreateACHEROutwardTest.java:72)
at java.base/jdk.internal.reflect.NativeMethodAccessorImpl.invoke0(Native Method)
at java.base/jdk.internal.reflect.NativeMethodAccessorImpl.invoke(NativeMethodAccessorImpl.java:77)
at java.base/jdk.internal.reflect.DelegatingMethodAccessorImpl.invoke(DelegatingMethodAccessorImpl.java:43)
at java.base/java.lang.reflect.Method.invoke(Method.java:568)
at org.testng.internal.invokers.MethodInvocationHelper.invokeMethod(MethodInvocationHelper.java:139)
at org.testng.internal.invokers.TestInvoker.invokeMethod(TestInvoker.java:664)
at org.testng.internal.invokers.TestInvoker.invokeTestMethod(TestInvoker.java:227)
at org.testng.internal.invokers.MethodRunner.runInSequence(MethodRunner.java:50)
at org.testng.internal.invokers.TestInvoker$MethodInvocationAgent.invoke(TestInvoker.java:957)
at org.testng.internal.invokers.TestInvoker.invokeTestMethods(TestInvoker.java:200)
at org.testng.internal.invokers.TestMethodWorker.invokeTestMethods(TestMethodWorker.java:148)
at org.testng.internal.invokers.TestMethodWorker.run(TestMethodWorker.java:128)
at java.base/java.util.concurrent.ThreadPoolExecutor.runWorker(ThreadPoolExecutor.java:1136)
at java.base/java.util.concurrent.ThreadPoolExecutor$Worker.run(ThreadPoolExecutor.java:635)
at java.base/java.lang.Thread.run(Thread.java:833)
]]>
    </error>
  </testcase> <!-- CreateAchOutward -->
</testsuite> <!-- tests.ABECreateACHEROutwardTest -->
