<!DOCTYPE html PUBLIC "-//W3C//DTD XHTML 1.1//EN" "https://www.w3.org/TR/xhtml11/DTD/xhtml11.dtd">
<html xmlns="https://www.w3.org/1999/xhtml">
<head>
<meta http-equiv="content-type" content="text/html; charset=UTF-8"/>
<title>TestNG Report</title>
<style type="text/css">table {margin-bottom:10px;border-collapse:collapse;empty-cells:show}th,td {border:1px solid #009;padding:.25em .5em}th {vertical-align:bottom}td {vertical-align:top}table a {font-weight:bold}.stripe td {background-color: #E6EBF9}.num {text-align:right}.passedodd td {background-color: #3F3}.passedeven td {background-color: #0A0}.skippedodd td {background-color: #DDD}.skippedeven td {background-color: #CCC}.failedodd td,.attn {background-color: #F33}.failedeven td,.stripe .attn {background-color: #D00}.stacktrace {white-space:pre;font-family:monospace}.totop {font-size:85%;text-align:center;border-bottom:2px solid #000}.invisible {display:none}</style>
</head>
<body>
<table>
<tr><th>Test</th><th># Passed</th><th># Skipped</th><th># Retried</th><th># Failed</th><th>Time (ms)</th><th>Included Groups</th><th>Excluded Groups</th></tr>
<tr><th colspan="8">Suite</th></tr>
<tr><td><a href="#t0">Create ACH Outward</a></td><td class="num">0</td><td class="num attn">1</td><td class="num">0</td><td class="num">0</td><td class="num">9,011</td><td></td><td></td></tr>
</table>
<table id='summary'><thead><tr><th>Class</th><th>Method</th><th>Start</th><th>Time (ms)</th></tr></thead><tbody><tr><th colspan="4">Suite</th></tr></tbody><tbody id="t0"><tr><th colspan="4">Create ACH Outward &#8212; failed (configuration methods)</th></tr><tr class="failedeven"><td rowspan="1">tests.ABECreateACHOutwardTest</td><td><a href="#m0">beforeTest</a></td><td rowspan="1">1697386490421</td><td rowspan="1">7879</td></tr><tr><th colspan="4">Create ACH Outward &#8212; skipped (configuration methods)</th></tr><tr class="skippedeven"><td rowspan="1">tests.ABECreateACHOutwardTest</td><td><a href="#m1">after</a></td><td rowspan="1">1697386498652</td><td rowspan="1">0</td></tr><tr><th colspan="4">Create ACH Outward &#8212; skipped</th></tr><tr class="skippedeven"><td rowspan="1">tests.ABECreateACHOutwardTest</td><td><a href="#m2">CreateAchOutward</a></td><td rowspan="1">1697386498644</td><td rowspan="1">0</td></tr></tbody>
</table>
<h2>Create ACH Outward</h2><h3 id="m0">tests.ABECreateACHOutwardTest#beforeTest</h3><table class="result"><tr class="param"><th>Parameter #1</th></tr><tr class="param stripe"><td>[ABECreateOutwardTransferPaymentData [tcId=FCB-001, summary=Automation_Cycle1_CreateACHOutward_ByMaker, username=QA49, password=Infy@123, Charge_type=BEN, waiveChargeRemark=Gad3ana, menu=MPOR, PaysysID=ACH, Date=15102023, Amount=&apos;1788, Line1_RI=TEST, CCY=EGP, BIC_BEN=CIBEEGCX039, Network_BEN=ACH, Branch_BEN=null, chargeWaiveOption=NO, Bank_BEN=null, serviceTypeID=Customer Payment, countryCode_REM=EG, Name_BEN=TEST, Name_REM=ï؟½ï؟½ï؟½ï؟½ ï؟½ï؟½ï؟½ï؟½ ï؟½ï؟½ï؟½ï؟½, Address1_REM=MAADi, Address2_REM=Zahraa El Maadi, Address1_BEN=MAADI, Address2_BEN=Zahraa El Maadi, Purpose_Code=CASH, Account_BEN=132456, Account=&apos;101000003754019544 , expectedResult=The record is added successfully., Pos=null, linkedTcid=FCB-002]]</td></tr><tr><th>Exception</th></tr><tr><td><div class="stacktrace">org.openqa.selenium.WebDriverException: unknown error: cannot determine loading status
from disconnected: received Inspector.detached event
  (Session info: chrome=90.0.4430.72)
Build info: version: &apos;3.141.59&apos;, revision: &apos;e82be7d358&apos;, time: &apos;2018-11-14T08:17:03&apos;
System info: host: &apos;F1TESTCORE13&apos;, ip: &apos;10.10.23.233&apos;, os.name: &apos;Windows 10&apos;, os.arch: &apos;amd64&apos;, os.version: &apos;10.0&apos;, java.version: &apos;17.0.8&apos;
Driver info: org.openqa.selenium.remote.RemoteWebDriver
Capabilities {acceptInsecureCerts: false, browserName: chrome, browserVersion: 90.0.4430.72, chrome: {chromedriverVersion: 90.0.4430.24 (4c6d850f087da..., userDataDir: C:\Users\IHAB~1.SAF\AppData...}, goog:chromeOptions: {debuggerAddress: localhost:60809}, javascriptEnabled: true, networkConnectionEnabled: false, pageLoadStrategy: normal, platform: WINDOWS, platformName: WINDOWS, proxy: Proxy(), setWindowRect: true, strictFileInteractability: false, timeouts: {implicit: 0, pageLoad: 300000, script: 30000}, unhandledPromptBehavior: dismiss and notify, webauthn:extension:largeBlob: true, webauthn:virtualAuthenticators: true, webdriver.remote.sessionid: a5ef529214417e386f3fa6cb3e9...}
Session ID: a5ef529214417e386f3fa6cb3e9e20c9
	at org.openqa.selenium.remote.http.W3CHttpResponseCodec.createException(W3CHttpResponseCodec.java:187)
	at org.openqa.selenium.remote.http.W3CHttpResponseCodec.decode(W3CHttpResponseCodec.java:122)
	at org.openqa.selenium.remote.http.W3CHttpResponseCodec.decode(W3CHttpResponseCodec.java:49)
	at org.openqa.selenium.remote.HttpCommandExecutor.execute(HttpCommandExecutor.java:158)
	at org.openqa.selenium.remote.RemoteWebDriver.execute(RemoteWebDriver.java:552)
	at org.openqa.selenium.remote.RemoteWebDriver.get(RemoteWebDriver.java:277)
	at tests.ABECreateACHOutwardTest.beforeTest(ABECreateACHOutwardTest.java:47)
	at java.base/java.util.concurrent.ThreadPoolExecutor.runWorker(ThreadPoolExecutor.java:1136)
	at java.base/java.util.concurrent.ThreadPoolExecutor$Worker.run(ThreadPoolExecutor.java:635)
	at java.base/java.lang.Thread.run(Thread.java:833)
... Removed 21 stack frames</div></td></tr></table><p class="totop"><a href="#summary">back to summary</a></p>
<h3 id="m1">tests.ABECreateACHOutwardTest#after</h3><table class="result"><tr><th class="invisible"/></tr></table><p class="totop"><a href="#summary">back to summary</a></p>
<h3 id="m2">tests.ABECreateACHOutwardTest#CreateAchOutward</h3><table class="result"><tr class="param"><th>Parameter #1</th></tr><tr class="param stripe"><td>ABECreateOutwardTransferPaymentData [tcId=FCB-001, summary=Automation_Cycle1_CreateACHOutward_ByMaker, username=QA49, password=Infy@123, Charge_type=BEN, waiveChargeRemark=Gad3ana, menu=MPOR, PaysysID=ACH, Date=15102023, Amount=&apos;1788, Line1_RI=TEST, CCY=EGP, BIC_BEN=CIBEEGCX039, Network_BEN=ACH, Branch_BEN=null, chargeWaiveOption=NO, Bank_BEN=null, serviceTypeID=Customer Payment, countryCode_REM=EG, Name_BEN=TEST, Name_REM=ï؟½ï؟½ï؟½ï؟½ ï؟½ï؟½ï؟½ï؟½ ï؟½ï؟½ï؟½ï؟½, Address1_REM=MAADi, Address2_REM=Zahraa El Maadi, Address1_BEN=MAADI, Address2_BEN=Zahraa El Maadi, Purpose_Code=CASH, Account_BEN=132456, Account=&apos;101000003754019544 , expectedResult=The record is added successfully., Pos=null, linkedTcid=FCB-002]</td></tr><tr><th>Exception</th></tr><tr><td><div class="stacktrace">org.openqa.selenium.WebDriverException: unknown error: cannot determine loading status
from disconnected: received Inspector.detached event
  (Session info: chrome=90.0.4430.72)
Build info: version: &apos;3.141.59&apos;, revision: &apos;e82be7d358&apos;, time: &apos;2018-11-14T08:17:03&apos;
System info: host: &apos;F1TESTCORE13&apos;, ip: &apos;10.10.23.233&apos;, os.name: &apos;Windows 10&apos;, os.arch: &apos;amd64&apos;, os.version: &apos;10.0&apos;, java.version: &apos;17.0.8&apos;
Driver info: org.openqa.selenium.remote.RemoteWebDriver
Capabilities {acceptInsecureCerts: false, browserName: chrome, browserVersion: 90.0.4430.72, chrome: {chromedriverVersion: 90.0.4430.24 (4c6d850f087da..., userDataDir: C:\Users\IHAB~1.SAF\AppData...}, goog:chromeOptions: {debuggerAddress: localhost:60809}, javascriptEnabled: true, networkConnectionEnabled: false, pageLoadStrategy: normal, platform: WINDOWS, platformName: WINDOWS, proxy: Proxy(), setWindowRect: true, strictFileInteractability: false, timeouts: {implicit: 0, pageLoad: 300000, script: 30000}, unhandledPromptBehavior: dismiss and notify, webauthn:extension:largeBlob: true, webauthn:virtualAuthenticators: true, webdriver.remote.sessionid: a5ef529214417e386f3fa6cb3e9...}
Session ID: a5ef529214417e386f3fa6cb3e9e20c9
	at org.openqa.selenium.remote.http.W3CHttpResponseCodec.createException(W3CHttpResponseCodec.java:187)
	at org.openqa.selenium.remote.http.W3CHttpResponseCodec.decode(W3CHttpResponseCodec.java:122)
	at org.openqa.selenium.remote.http.W3CHttpResponseCodec.decode(W3CHttpResponseCodec.java:49)
	at org.openqa.selenium.remote.HttpCommandExecutor.execute(HttpCommandExecutor.java:158)
	at org.openqa.selenium.remote.RemoteWebDriver.execute(RemoteWebDriver.java:552)
	at org.openqa.selenium.remote.RemoteWebDriver.get(RemoteWebDriver.java:277)
	at tests.ABECreateACHOutwardTest.beforeTest(ABECreateACHOutwardTest.java:47)
	at java.base/java.util.concurrent.ThreadPoolExecutor.runWorker(ThreadPoolExecutor.java:1136)
	at java.base/java.util.concurrent.ThreadPoolExecutor$Worker.run(ThreadPoolExecutor.java:635)
	at java.base/java.lang.Thread.run(Thread.java:833)
... Removed 21 stack frames</div></td></tr></table><p class="totop"><a href="#summary">back to summary</a></p>
</body>
</html>
