{"uuid":"15c6f4e8-e89b-4476-9086-946bda2ba513","historyId":"d59c9211788c0f79ecdd889e28124673","fullName":"tests.ABEOpenMurabahaAccountMurabahaFinancingTest.openMurabahaAccountMurabahaFinancingTest","labels":[{"name":"package","value":"tests.ABEOpenMurabahaAccountMurabahaFinancingTest"},{"name":"testClass","value":"tests.ABEOpenMurabahaAccountMurabahaFinancingTest"},{"name":"testMethod","value":"openMurabahaAccountMurabahaFinancingTest"},{"name":"parentSuite","value":"Suite"},{"name":"suite","value":"Islamic Murabaha Account Opening"},{"name":"subSuite","value":"tests.ABEOpenMurabahaAccountMurabahaFinancingTest"},{"name":"host","value":"F1TestCore2"},{"name":"thread","value":"10396@F1TestCore2.TestNG-test=Islamic Murabaha Account Opening-1(30)"},{"name":"framework","value":"testng"},{"name":"language","value":"java"}],"links":[],"name":"Test Case ID: FCB-9938","status":"broken","statusDetails":{"known":false,"muted":false,"flaky":false,"message":"Expected condition failed: waiting for element to be clickable: By.xpath: (//button[@id='_btn_continueRepIns'])[1] (tried for 45 second(s) with 500 milliseconds interval)\nBuild info: version: '3.141.59', revision: 'e82be7d358', time: '2018-11-14T08:17:03'\nSystem info: host: 'F1TESTCORE2', ip: '10.10.23.242', os.name: 'Windows 10', os.arch: 'amd64', os.version: '10.0', java.version: '17.0.8'\nDriver info: org.openqa.selenium.remote.RemoteWebDriver\nCapabilities {acceptInsecureCerts: false, browserName: chrome, browserVersion: 90.0.4430.72, chrome: {chromedriverVersion: 90.0.4430.24 (4c6d850f087da..., userDataDir: C:\\Users\\AMMAR~1.SHA\\AppDat...}, goog:chromeOptions: {debuggerAddress: localhost:56888}, javascriptEnabled: true, networkConnectionEnabled: false, pageLoadStrategy: normal, platform: WINDOWS, platformName: WINDOWS, proxy: Proxy(), setWindowRect: true, strictFileInteractability: false, timeouts: {implicit: 0, pageLoad: 300000, script: 30000}, unhandledPromptBehavior: dismiss and notify, webauthn:extension:largeBlob: true, webauthn:virtualAuthenticators: true, webdriver.remote.sessionid: f27079409e68acd640df09cf909...}\nSession ID: f27079409e68acd640df09cf909fa634","trace":"org.openqa.selenium.TimeoutException: Expected condition failed: waiting for element to be clickable: By.xpath: (//button[@id='_btn_continueRepIns'])[1] (tried for 45 second(s) with 500 milliseconds interval)\nBuild info: version: '3.141.59', revision: 'e82be7d358', time: '2018-11-14T08:17:03'\nSystem info: host: 'F1TESTCORE2', ip: '10.10.23.242', os.name: 'Windows 10', os.arch: 'amd64', os.version: '10.0', java.version: '17.0.8'\nDriver info: org.openqa.selenium.remote.RemoteWebDriver\nCapabilities {acceptInsecureCerts: false, browserName: chrome, browserVersion: 90.0.4430.72, chrome: {chromedriverVersion: 90.0.4430.24 (4c6d850f087da..., userDataDir: C:\\Users\\AMMAR~1.SHA\\AppDat...}, goog:chromeOptions: {debuggerAddress: localhost:56888}, javascriptEnabled: true, networkConnectionEnabled: false, pageLoadStrategy: normal, platform: WINDOWS, platformName: WINDOWS, proxy: Proxy(), setWindowRect: true, strictFileInteractability: false, timeouts: {implicit: 0, pageLoad: 300000, script: 30000}, unhandledPromptBehavior: dismiss and notify, webauthn:extension:largeBlob: true, webauthn:virtualAuthenticators: true, webdriver.remote.sessionid: f27079409e68acd640df09cf909...}\nSession ID: f27079409e68acd640df09cf909fa634\r\n\tat org.openqa.selenium.support.ui.WebDriverWait.timeoutException(WebDriverWait.java:95)\r\n\tat org.openqa.selenium.support.ui.FluentWait.until(FluentWait.java:272)\r\n\tat utils.PageFunctionUtils.clickOnElement(PageFunctionUtils.java:11)\r\n\tat pageobjects.ABEOpenMurabahaAccountMurabahaFinancingPage.sendKeysAccountLimitDetails(ABEOpenMurabahaAccountMurabahaFinancingPage.java:375)\r\n\tat procedures.ABEOpenMurabahaAccountMurabahaFinancingProcedures.openMurabahaAccountMurabahaFinancing(ABEOpenMurabahaAccountMurabahaFinancingProcedures.java:17)\r\n\tat tests.ABEOpenMurabahaAccountMurabahaFinancingTest.openMurabahaAccountMurabahaFinancingTest(ABEOpenMurabahaAccountMurabahaFinancingTest.java:66)\r\n\tat java.base/jdk.internal.reflect.NativeMethodAccessorImpl.invoke0(Native Method)\r\n\tat java.base/jdk.internal.reflect.NativeMethodAccessorImpl.invoke(NativeMethodAccessorImpl.java:77)\r\n\tat java.base/jdk.internal.reflect.DelegatingMethodAccessorImpl.invoke(DelegatingMethodAccessorImpl.java:43)\r\n\tat java.base/java.lang.reflect.Method.invoke(Method.java:568)\r\n\tat org.testng.internal.invokers.MethodInvocationHelper.invokeMethod(MethodInvocationHelper.java:139)\r\n\tat org.testng.internal.invokers.TestInvoker.invokeMethod(TestInvoker.java:664)\r\n\tat org.testng.internal.invokers.TestInvoker.invokeTestMethod(TestInvoker.java:227)\r\n\tat org.testng.internal.invokers.MethodRunner.runInSequence(MethodRunner.java:50)\r\n\tat org.testng.internal.invokers.TestInvoker$MethodInvocationAgent.invoke(TestInvoker.java:957)\r\n\tat org.testng.internal.invokers.TestInvoker.invokeTestMethods(TestInvoker.java:200)\r\n\tat org.testng.internal.invokers.TestMethodWorker.invokeTestMethods(TestMethodWorker.java:148)\r\n\tat org.testng.internal.invokers.TestMethodWorker.run(TestMethodWorker.java:128)\r\n\tat java.base/java.util.concurrent.ThreadPoolExecutor.runWorker(ThreadPoolExecutor.java:1136)\r\n\tat java.base/java.util.concurrent.ThreadPoolExecutor$Worker.run(ThreadPoolExecutor.java:635)\r\n\tat java.base/java.lang.Thread.run(Thread.java:833)\r\n"},"stage":"finished","steps":[{"name":"Sending menu name: OIFAT","status":"passed","stage":"finished","steps":[],"attachments":[],"parameters":[{"name":"menu","value":"OIFAT"}],"start":1696424445417,"stop":1696424465412},{"name":"Frame switching","status":"passed","stage":"finished","steps":[],"attachments":[],"parameters":[],"start":1696424465412,"stop":1696424483894},{"name":"Sending customer details: 6246013","status":"passed","stage":"finished","steps":[],"attachments":[],"parameters":[{"name":"cifid","value":"6246013"},{"name":"schemeCode","value":"4010"}],"start":1696424483894,"stop":1696424485240},{"name":"Sending basic asset details: 100000","status":"passed","stage":"finished","steps":[],"attachments":[],"parameters":[{"name":"assetValue","value":"100000"},{"name":"customerMargin","value":"0"}],"start":1696424485240,"stop":1696424487725},{"name":"Sending finance details: 12","status":"passed","stage":"finished","steps":[],"attachments":[],"parameters":[{"name":"financePeriodMonths","value":"12"},{"name":"financePeriodDays","value":"0"},{"name":"debitAccountId","value":"'1606624601301001"}],"start":1696424487725,"stop":1696424490967},{"name":"Sending repayment parameter details: no","status":"passed","stage":"finished","steps":[],"attachments":[],"parameters":[{"name":"equatedInstallment","value":"no"},{"name":"repaymentType","value":"bullet"},{"name":"numberOfInstallments","value":"1"},{"name":"installmentStartDate","value":"'05-10-2023"},{"name":"installmentFrequency","value":"quarterly"},{"name":"profitStartDate","value":"'18-10-2023"},{"name":"profitFrequency","value":"twice a month"},{"name":"date","value":"18"},{"name":"calendar","value":"gregorian calendar"},{"name":"onHoliday","value":"skip"}],"start":1696424490967,"stop":1696424495810},{"name":"Sending operative account id: '1606624601301001","status":"passed","stage":"finished","steps":[],"attachments":[],"parameters":[{"name":"operativeAccountId","value":"'1606624601301001"}],"start":1696424495810,"stop":1696424496823},{"name":"Sending account limit details: '05-10-2099","status":"broken","statusDetails":{"known":false,"muted":false,"flaky":false,"message":"Expected condition failed: waiting for element to be clickable: By.xpath: (//button[@id='_btn_continueRepIns'])[1] (tried for 45 second(s) with 500 milliseconds interval)\nBuild info: version: '3.141.59', revision: 'e82be7d358', time: '2018-11-14T08:17:03'\nSystem info: host: 'F1TESTCORE2', ip: '10.10.23.242', os.name: 'Windows 10', os.arch: 'amd64', os.version: '10.0', java.version: '17.0.8'\nDriver info: org.openqa.selenium.remote.RemoteWebDriver\nCapabilities {acceptInsecureCerts: false, browserName: chrome, browserVersion: 90.0.4430.72, chrome: {chromedriverVersion: 90.0.4430.24 (4c6d850f087da..., userDataDir: C:\\Users\\AMMAR~1.SHA\\AppDat...}, goog:chromeOptions: {debuggerAddress: localhost:56888}, javascriptEnabled: true, networkConnectionEnabled: false, pageLoadStrategy: normal, platform: WINDOWS, platformName: WINDOWS, proxy: Proxy(), setWindowRect: true, strictFileInteractability: false, timeouts: {implicit: 0, pageLoad: 300000, script: 30000}, unhandledPromptBehavior: dismiss and notify, webauthn:extension:largeBlob: true, webauthn:virtualAuthenticators: true, webdriver.remote.sessionid: f27079409e68acd640df09cf909...}\nSession ID: f27079409e68acd640df09cf909fa634","trace":"org.openqa.selenium.TimeoutException: Expected condition failed: waiting for element to be clickable: By.xpath: (//button[@id='_btn_continueRepIns'])[1] (tried for 45 second(s) with 500 milliseconds interval)\nBuild info: version: '3.141.59', revision: 'e82be7d358', time: '2018-11-14T08:17:03'\nSystem info: host: 'F1TESTCORE2', ip: '10.10.23.242', os.name: 'Windows 10', os.arch: 'amd64', os.version: '10.0', java.version: '17.0.8'\nDriver info: org.openqa.selenium.remote.RemoteWebDriver\nCapabilities {acceptInsecureCerts: false, browserName: chrome, browserVersion: 90.0.4430.72, chrome: {chromedriverVersion: 90.0.4430.24 (4c6d850f087da..., userDataDir: C:\\Users\\AMMAR~1.SHA\\AppDat...}, goog:chromeOptions: {debuggerAddress: localhost:56888}, javascriptEnabled: true, networkConnectionEnabled: false, pageLoadStrategy: normal, platform: WINDOWS, platformName: WINDOWS, proxy: Proxy(), setWindowRect: true, strictFileInteractability: false, timeouts: {implicit: 0, pageLoad: 300000, script: 30000}, unhandledPromptBehavior: dismiss and notify, webauthn:extension:largeBlob: true, webauthn:virtualAuthenticators: true, webdriver.remote.sessionid: f27079409e68acd640df09cf909...}\nSession ID: f27079409e68acd640df09cf909fa634\r\n\tat org.openqa.selenium.support.ui.WebDriverWait.timeoutException(WebDriverWait.java:95)\r\n\tat org.openqa.selenium.support.ui.FluentWait.until(FluentWait.java:272)\r\n\tat utils.PageFunctionUtils.clickOnElement(PageFunctionUtils.java:11)\r\n\tat pageobjects.ABEOpenMurabahaAccountMurabahaFinancingPage.sendKeysAccountLimitDetails(ABEOpenMurabahaAccountMurabahaFinancingPage.java:375)\r\n\tat procedures.ABEOpenMurabahaAccountMurabahaFinancingProcedures.openMurabahaAccountMurabahaFinancing(ABEOpenMurabahaAccountMurabahaFinancingProcedures.java:17)\r\n\tat tests.ABEOpenMurabahaAccountMurabahaFinancingTest.openMurabahaAccountMurabahaFinancingTest(ABEOpenMurabahaAccountMurabahaFinancingTest.java:66)\r\n\tat java.base/jdk.internal.reflect.NativeMethodAccessorImpl.invoke0(Native Method)\r\n\tat java.base/jdk.internal.reflect.NativeMethodAccessorImpl.invoke(NativeMethodAccessorImpl.java:77)\r\n\tat java.base/jdk.internal.reflect.DelegatingMethodAccessorImpl.invoke(DelegatingMethodAccessorImpl.java:43)\r\n\tat java.base/java.lang.reflect.Method.invoke(Method.java:568)\r\n\tat org.testng.internal.invokers.MethodInvocationHelper.invokeMethod(MethodInvocationHelper.java:139)\r\n\tat org.testng.internal.invokers.TestInvoker.invokeMethod(TestInvoker.java:664)\r\n\tat org.testng.internal.invokers.TestInvoker.invokeTestMethod(TestInvoker.java:227)\r\n\tat org.testng.internal.invokers.MethodRunner.runInSequence(MethodRunner.java:50)\r\n\tat org.testng.internal.invokers.TestInvoker$MethodInvocationAgent.invoke(TestInvoker.java:957)\r\n\tat org.testng.internal.invokers.TestInvoker.invokeTestMethods(TestInvoker.java:200)\r\n\tat org.testng.internal.invokers.TestMethodWorker.invokeTestMethods(TestMethodWorker.java:148)\r\n\tat org.testng.internal.invokers.TestMethodWorker.run(TestMethodWorker.java:128)\r\n\tat java.base/java.util.concurrent.ThreadPoolExecutor.runWorker(ThreadPoolExecutor.java:1136)\r\n\tat java.base/java.util.concurrent.ThreadPoolExecutor$Worker.run(ThreadPoolExecutor.java:635)\r\n\tat java.base/java.lang.Thread.run(Thread.java:833)\r\n"},"stage":"finished","steps":[],"attachments":[],"parameters":[{"name":"expiryDate","value":"'05-10-2099"},{"name":"documentDate","value":"'05-10-2023"},{"name":"drawingPowerIndicator","value":"equal"}],"start":1696424496823,"stop":1696424543710}],"attachments":[],"parameters":[{"name":"arg0","value":"data.ABEOpenMurabahaAccountMurabahaFinancingData@4aa5be2e"},{"name":"Data: ","value":"data.ABEOpenMurabahaAccountMurabahaFinancingData@4aa5be2e"}],"start":1696424445391,"stop":1696424543718}