{"uuid":"2d73bf28-d12b-48a3-b1ce-be23094cc0f2","historyId":"9460214b5b7f8cb1a2a869c822b4da7d","fullName":"tests.CreateAchOutward_Test.CreateAchOutward","labels":[{"name":"package","value":"tests.CreateAchOutward_Test"},{"name":"testClass","value":"tests.CreateAchOutward_Test"},{"name":"testMethod","value":"CreateAchOutward"},{"name":"parentSuite","value":"Suite"},{"name":"suite","value":"Islamic Savings Account"},{"name":"subSuite","value":"tests.CreateAchOutward_Test"},{"name":"host","value":"F1TestCore13"},{"name":"thread","value":"14292@F1TestCore13.TestNG-test=Islamic Savings Account-1(30)"},{"name":"framework","value":"testng"},{"name":"language","value":"java"}],"links":[],"name":"CreateAchOutward","status":"broken","statusDetails":{"known":false,"muted":false,"flaky":false,"message":"Keys to send should be a not null CharSequence","trace":"java.lang.IllegalArgumentException: Keys to send should be a not null CharSequence\r\n\tat org.openqa.selenium.remote.RemoteWebElement.sendKeys(RemoteWebElement.java:97)\r\n\tat pageobjects.CreateAchOutwardPage.sendKeysPaymentType(CreateAchOutwardPage.java:64)\r\n\tat procedures.CreateAchOutwardProcedures.AchOutwardByMaker(CreateAchOutwardProcedures.java:13)\r\n\tat tests.CreateAchOutward_Test.CreateAchOutward(CreateAchOutward_Test.java:72)\r\n\tat java.base/jdk.internal.reflect.NativeMethodAccessorImpl.invoke0(Native Method)\r\n\tat java.base/jdk.internal.reflect.NativeMethodAccessorImpl.invoke(NativeMethodAccessorImpl.java:77)\r\n\tat java.base/jdk.internal.reflect.DelegatingMethodAccessorImpl.invoke(DelegatingMethodAccessorImpl.java:43)\r\n\tat java.base/java.lang.reflect.Method.invoke(Method.java:568)\r\n\tat org.testng.internal.invokers.MethodInvocationHelper.invokeMethod(MethodInvocationHelper.java:139)\r\n\tat org.testng.internal.invokers.TestInvoker.invokeMethod(TestInvoker.java:664)\r\n\tat org.testng.internal.invokers.TestInvoker.invokeTestMethod(TestInvoker.java:227)\r\n\tat org.testng.internal.invokers.MethodRunner.runInSequence(MethodRunner.java:50)\r\n\tat org.testng.internal.invokers.TestInvoker$MethodInvocationAgent.invoke(TestInvoker.java:957)\r\n\tat org.testng.internal.invokers.TestInvoker.invokeTestMethods(TestInvoker.java:200)\r\n\tat org.testng.internal.invokers.TestMethodWorker.invokeTestMethods(TestMethodWorker.java:148)\r\n\tat org.testng.internal.invokers.TestMethodWorker.run(TestMethodWorker.java:128)\r\n\tat java.base/java.util.concurrent.ThreadPoolExecutor.runWorker(ThreadPoolExecutor.java:1136)\r\n\tat java.base/java.util.concurrent.ThreadPoolExecutor$Worker.run(ThreadPoolExecutor.java:635)\r\n\tat java.base/java.lang.Thread.run(Thread.java:833)\r\n"},"stage":"finished","steps":[{"name":"{testCaseId}","status":"broken","statusDetails":{"known":false,"muted":false,"flaky":false,"message":"Keys to send should be a not null CharSequence","trace":"java.lang.IllegalArgumentException: Keys to send should be a not null CharSequence\r\n\tat org.openqa.selenium.remote.RemoteWebElement.sendKeys(RemoteWebElement.java:97)\r\n\tat pageobjects.CreateAchOutwardPage.sendKeysPaymentType(CreateAchOutwardPage.java:64)\r\n\tat procedures.CreateAchOutwardProcedures.AchOutwardByMaker(CreateAchOutwardProcedures.java:13)\r\n\tat tests.CreateAchOutward_Test.CreateAchOutward(CreateAchOutward_Test.java:72)\r\n\tat java.base/jdk.internal.reflect.NativeMethodAccessorImpl.invoke0(Native Method)\r\n\tat java.base/jdk.internal.reflect.NativeMethodAccessorImpl.invoke(NativeMethodAccessorImpl.java:77)\r\n\tat java.base/jdk.internal.reflect.DelegatingMethodAccessorImpl.invoke(DelegatingMethodAccessorImpl.java:43)\r\n\tat java.base/java.lang.reflect.Method.invoke(Method.java:568)\r\n\tat org.testng.internal.invokers.MethodInvocationHelper.invokeMethod(MethodInvocationHelper.java:139)\r\n\tat org.testng.internal.invokers.TestInvoker.invokeMethod(TestInvoker.java:664)\r\n\tat org.testng.internal.invokers.TestInvoker.invokeTestMethod(TestInvoker.java:227)\r\n\tat org.testng.internal.invokers.MethodRunner.runInSequence(MethodRunner.java:50)\r\n\tat org.testng.internal.invokers.TestInvoker$MethodInvocationAgent.invoke(TestInvoker.java:957)\r\n\tat org.testng.internal.invokers.TestInvoker.invokeTestMethods(TestInvoker.java:200)\r\n\tat org.testng.internal.invokers.TestMethodWorker.invokeTestMethods(TestMethodWorker.java:148)\r\n\tat org.testng.internal.invokers.TestMethodWorker.run(TestMethodWorker.java:128)\r\n\tat java.base/java.util.concurrent.ThreadPoolExecutor.runWorker(ThreadPoolExecutor.java:1136)\r\n\tat java.base/java.util.concurrent.ThreadPoolExecutor$Worker.run(ThreadPoolExecutor.java:635)\r\n\tat java.base/java.lang.Thread.run(Thread.java:833)\r\n"},"stage":"finished","steps":[{"name":"Sending menu name: MPOR","status":"passed","stage":"finished","steps":[],"attachments":[],"parameters":[{"name":"menu","value":"MPOR"}],"start":1695645437902,"stop":1695645451461},{"name":"Frame switching","status":"passed","stage":"finished","steps":[],"attachments":[],"parameters":[],"start":1695645451461,"stop":1695645460768},{"name":"Sending customer details: null","status":"broken","statusDetails":{"known":false,"muted":false,"flaky":false,"message":"Keys to send should be a not null CharSequence","trace":"java.lang.IllegalArgumentException: Keys to send should be a not null CharSequence\r\n\tat org.openqa.selenium.remote.RemoteWebElement.sendKeys(RemoteWebElement.java:97)\r\n\tat pageobjects.CreateAchOutwardPage.sendKeysPaymentType(CreateAchOutwardPage.java:64)\r\n\tat procedures.CreateAchOutwardProcedures.AchOutwardByMaker(CreateAchOutwardProcedures.java:13)\r\n\tat tests.CreateAchOutward_Test.CreateAchOutward(CreateAchOutward_Test.java:72)\r\n\tat java.base/jdk.internal.reflect.NativeMethodAccessorImpl.invoke0(Native Method)\r\n\tat java.base/jdk.internal.reflect.NativeMethodAccessorImpl.invoke(NativeMethodAccessorImpl.java:77)\r\n\tat java.base/jdk.internal.reflect.DelegatingMethodAccessorImpl.invoke(DelegatingMethodAccessorImpl.java:43)\r\n\tat java.base/java.lang.reflect.Method.invoke(Method.java:568)\r\n\tat org.testng.internal.invokers.MethodInvocationHelper.invokeMethod(MethodInvocationHelper.java:139)\r\n\tat org.testng.internal.invokers.TestInvoker.invokeMethod(TestInvoker.java:664)\r\n\tat org.testng.internal.invokers.TestInvoker.invokeTestMethod(TestInvoker.java:227)\r\n\tat org.testng.internal.invokers.MethodRunner.runInSequence(MethodRunner.java:50)\r\n\tat org.testng.internal.invokers.TestInvoker$MethodInvocationAgent.invoke(TestInvoker.java:957)\r\n\tat org.testng.internal.invokers.TestInvoker.invokeTestMethods(TestInvoker.java:200)\r\n\tat org.testng.internal.invokers.TestMethodWorker.invokeTestMethods(TestMethodWorker.java:148)\r\n\tat org.testng.internal.invokers.TestMethodWorker.run(TestMethodWorker.java:128)\r\n\tat java.base/java.util.concurrent.ThreadPoolExecutor.runWorker(ThreadPoolExecutor.java:1136)\r\n\tat java.base/java.util.concurrent.ThreadPoolExecutor$Worker.run(ThreadPoolExecutor.java:635)\r\n\tat java.base/java.lang.Thread.run(Thread.java:833)\r\n"},"stage":"finished","steps":[],"attachments":[],"parameters":[{"name":"PaySys","value":"null"}],"start":1695645460769,"stop":1695645460996}],"attachments":[],"parameters":[{"name":"data","value":"CreateAchOutwardData [tcId=FCB-001, summary=Automation_Cycle1_CreateACHOutward_ByMaker, username=QA49, password=Infy@123, menu=MPOR, paysys_ID=null, date=null, amount=null, line1=null, CCY=EGP, bic_ben=null, network_ben=null, branch_ben=null, bank_ben=null, name_ben=null, account_ben=null, account=null, expectedResult=The record is added successfully., pos=null, linkedTcid=FCB-002]"}],"start":1695645437898,"stop":1695645460996}],"attachments":[],"parameters":[{"name":"arg0","value":"CreateAchOutwardData [tcId=FCB-001, summary=Automation_Cycle1_CreateACHOutward_ByMaker, username=QA49, password=Infy@123, menu=MPOR, paysys_ID=null, date=null, amount=null, line1=null, CCY=EGP, bic_ben=null, network_ben=null, branch_ben=null, bank_ben=null, name_ben=null, account_ben=null, account=null, expectedResult=The record is added successfully., pos=null, linkedTcid=FCB-002]"},{"name":"Data: ","value":"CreateAchOutwardData [tcId=FCB-001, summary=Automation_Cycle1_CreateACHOutward_ByMaker, username=QA49, password=Infy@123, menu=MPOR, paysys_ID=null, date=null, amount=null, line1=null, CCY=EGP, bic_ben=null, network_ben=null, branch_ben=null, bank_ben=null, name_ben=null, account_ben=null, account=null, expectedResult=The record is added successfully., pos=null, linkedTcid=FCB-002]"}],"start":1695645437895,"stop":1695645461000}