{"uuid":"43614e0f-f2cc-456f-8a95-0f549d75d31b","historyId":"bda09d56b85764c67b451035bddd50c6","fullName":"tests.CreateAchOutward_Test.CreateAchOutward","labels":[{"name":"package","value":"tests.CreateAchOutward_Test"},{"name":"testClass","value":"tests.CreateAchOutward_Test"},{"name":"testMethod","value":"CreateAchOutward"},{"name":"parentSuite","value":"Suite"},{"name":"suite","value":"Islamic Casa Account"},{"name":"subSuite","value":"tests.CreateAchOutward_Test"},{"name":"host","value":"F1TestCore13"},{"name":"thread","value":"16168@F1TestCore13.TestNG-test=Islamic Casa Account-1(30)"},{"name":"framework","value":"testng"},{"name":"language","value":"java"}],"links":[],"name":"CreateAchOutward","status":"failed","statusDetails":{"known":false,"muted":false,"flaky":false,"message":"","trace":"java.lang.AssertionError: \r\n\tat org.testng.AssertJUnit.fail(AssertJUnit.java:65)\r\n\tat org.testng.AssertJUnit.assertTrue(AssertJUnit.java:23)\r\n\tat org.testng.AssertJUnit.assertTrue(AssertJUnit.java:33)\r\n\tat utils.AssertionFactory.checkExpectedResult(AssertionFactory.java:8)\r\n\tat tests.CreateAchOutward_Test.CreateAchOutward(CreateAchOutward_Test.java:73)\r\n\tat java.base/jdk.internal.reflect.NativeMethodAccessorImpl.invoke0(Native Method)\r\n\tat java.base/jdk.internal.reflect.NativeMethodAccessorImpl.invoke(NativeMethodAccessorImpl.java:77)\r\n\tat java.base/jdk.internal.reflect.DelegatingMethodAccessorImpl.invoke(DelegatingMethodAccessorImpl.java:43)\r\n\tat java.base/java.lang.reflect.Method.invoke(Method.java:568)\r\n\tat org.testng.internal.invokers.MethodInvocationHelper.invokeMethod(MethodInvocationHelper.java:139)\r\n\tat org.testng.internal.invokers.TestInvoker.invokeMethod(TestInvoker.java:664)\r\n\tat org.testng.internal.invokers.TestInvoker.invokeTestMethod(TestInvoker.java:227)\r\n\tat org.testng.internal.invokers.MethodRunner.runInSequence(MethodRunner.java:50)\r\n\tat org.testng.internal.invokers.TestInvoker$MethodInvocationAgent.invoke(TestInvoker.java:957)\r\n\tat org.testng.internal.invokers.TestInvoker.invokeTestMethods(TestInvoker.java:200)\r\n\tat org.testng.internal.invokers.TestMethodWorker.invokeTestMethods(TestMethodWorker.java:148)\r\n\tat org.testng.internal.invokers.TestMethodWorker.run(TestMethodWorker.java:128)\r\n\tat java.base/java.util.concurrent.ThreadPoolExecutor.runWorker(ThreadPoolExecutor.java:1136)\r\n\tat java.base/java.util.concurrent.ThreadPoolExecutor$Worker.run(ThreadPoolExecutor.java:635)\r\n\tat java.base/java.lang.Thread.run(Thread.java:833)\r\n"},"stage":"finished","steps":[{"name":"{testCaseId}","status":"failed","statusDetails":{"known":false,"muted":false,"flaky":false,"message":"","trace":"java.lang.AssertionError: \r\n\tat org.testng.AssertJUnit.fail(AssertJUnit.java:65)\r\n\tat org.testng.AssertJUnit.assertTrue(AssertJUnit.java:23)\r\n\tat org.testng.AssertJUnit.assertTrue(AssertJUnit.java:33)\r\n\tat utils.AssertionFactory.checkExpectedResult(AssertionFactory.java:8)\r\n\tat tests.CreateAchOutward_Test.CreateAchOutward(CreateAchOutward_Test.java:73)\r\n\tat java.base/jdk.internal.reflect.NativeMethodAccessorImpl.invoke0(Native Method)\r\n\tat java.base/jdk.internal.reflect.NativeMethodAccessorImpl.invoke(NativeMethodAccessorImpl.java:77)\r\n\tat java.base/jdk.internal.reflect.DelegatingMethodAccessorImpl.invoke(DelegatingMethodAccessorImpl.java:43)\r\n\tat java.base/java.lang.reflect.Method.invoke(Method.java:568)\r\n\tat org.testng.internal.invokers.MethodInvocationHelper.invokeMethod(MethodInvocationHelper.java:139)\r\n\tat org.testng.internal.invokers.TestInvoker.invokeMethod(TestInvoker.java:664)\r\n\tat org.testng.internal.invokers.TestInvoker.invokeTestMethod(TestInvoker.java:227)\r\n\tat org.testng.internal.invokers.MethodRunner.runInSequence(MethodRunner.java:50)\r\n\tat org.testng.internal.invokers.TestInvoker$MethodInvocationAgent.invoke(TestInvoker.java:957)\r\n\tat org.testng.internal.invokers.TestInvoker.invokeTestMethods(TestInvoker.java:200)\r\n\tat org.testng.internal.invokers.TestMethodWorker.invokeTestMethods(TestMethodWorker.java:148)\r\n\tat org.testng.internal.invokers.TestMethodWorker.run(TestMethodWorker.java:128)\r\n\tat java.base/java.util.concurrent.ThreadPoolExecutor.runWorker(ThreadPoolExecutor.java:1136)\r\n\tat java.base/java.util.concurrent.ThreadPoolExecutor$Worker.run(ThreadPoolExecutor.java:635)\r\n\tat java.base/java.lang.Thread.run(Thread.java:833)\r\n"},"stage":"finished","steps":[{"name":"Sending menu name: MPOR","status":"passed","stage":"finished","steps":[],"attachments":[],"parameters":[{"name":"menu","value":"MPOR"}],"start":1695735914610,"stop":1695735928453},{"name":"Frame switching","status":"passed","stage":"finished","steps":[],"attachments":[],"parameters":[],"start":1695735928453,"stop":1695735937772},{"name":"Sending payment details: ACH","status":"passed","stage":"finished","steps":[],"attachments":[],"parameters":[{"name":"PaySys","value":"ACH"}],"start":1695735937773,"stop":1695735938250},{"name":"Press Go button","status":"passed","stage":"finished","steps":[],"attachments":[],"parameters":[],"start":1695735938250,"stop":1695735941892},{"name":"Sending ACH Outward Payment details: '100500003298010315","status":"passed","stage":"finished","steps":[],"attachments":[],"parameters":[{"name":"AccRem","value":"'100500003298010315"},{"name":"CCY","value":"EGP"},{"name":"Amount","value":"'2000"},{"name":"Date","value":"26092023"},{"name":"Line1","value":"TEST"},{"name":"AccBen","value":"132456"},{"name":"NameBen","value":"TEST"},{"name":"BicBen","value":"CIBEEGCXXXX"},{"name":"NetworkBen","value":"ACH"},{"name":"BankBen","value":"10"},{"name":"BranchBen","value":"196"}],"start":1695735941893,"stop":1695735944198}],"attachments":[],"parameters":[{"name":"data","value":"CreateAchOutwardData [tcId=FCB-001, summary=Automation_Cycle1_CreateACHOutward_ByMaker, username=QA49, password=Infy@123, menu=MPOR, paysys_ID=ACH, date=26092023, amount='2000, line1=TEST, CCY=EGP, bic_ben=CIBEEGCXXXX, network_ben=ACH, branch_ben=196, bank_ben=10, name_ben=TEST, account_ben=132456, account='100500003298010315, expectedResult=The record is added successfully., pos=null, linkedTcid=FCB-002]"}],"start":1695735914597,"stop":1695735944700}],"attachments":[],"parameters":[{"name":"arg0","value":"CreateAchOutwardData [tcId=FCB-001, summary=Automation_Cycle1_CreateACHOutward_ByMaker, username=QA49, password=Infy@123, menu=MPOR, paysys_ID=ACH, date=26092023, amount='2000, line1=TEST, CCY=EGP, bic_ben=CIBEEGCXXXX, network_ben=ACH, branch_ben=196, bank_ben=10, name_ben=TEST, account_ben=132456, account='100500003298010315, expectedResult=The record is added successfully., pos=null, linkedTcid=FCB-002]"},{"name":"Data: ","value":"CreateAchOutwardData [tcId=FCB-001, summary=Automation_Cycle1_CreateACHOutward_ByMaker, username=QA49, password=Infy@123, menu=MPOR, paysys_ID=ACH, date=26092023, amount='2000, line1=TEST, CCY=EGP, bic_ben=CIBEEGCXXXX, network_ben=ACH, branch_ben=196, bank_ben=10, name_ben=TEST, account_ben=132456, account='100500003298010315, expectedResult=The record is added successfully., pos=null, linkedTcid=FCB-002]"}],"start":1695735914595,"stop":1695735944708}