{"uuid":"4a7cd83a-911b-4ac9-b226-6be04faba951","historyId":"6f08e3dc415f8e71bc74da5f850fa655","fullName":"tests.ABE_OpenIslamicSavingsAccount_MudarabahSBA.test","labels":[{"name":"package","value":"tests.ABE_OpenIslamicSavingsAccount_MudarabahSBA"},{"name":"testClass","value":"tests.ABE_OpenIslamicSavingsAccount_MudarabahSBA"},{"name":"testMethod","value":"test"},{"name":"parentSuite","value":"Suite"},{"name":"suite","value":"Islamic Savings Account"},{"name":"subSuite","value":"tests.ABE_OpenIslamicSavingsAccount_MudarabahSBA"},{"name":"host","value":"F1TestCore2"},{"name":"thread","value":"13704@F1TestCore2.TestNG-test=Islamic Savings Account-1(29)"},{"name":"framework","value":"testng"},{"name":"language","value":"java"}],"links":[],"name":"Test Case ID: FCB-9727","status":"broken","statusDetails":{"known":false,"muted":false,"flaky":false,"message":"Keys to send should be a not null CharSequence","trace":"java.lang.IllegalArgumentException: Keys to send should be a not null CharSequence\r\n\tat org.openqa.selenium.remote.RemoteWebElement.sendKeys(RemoteWebElement.java:97)\r\n\tat pageobjects.OpenIslamicSavingsAccountPage.addAccountDetails(OpenIslamicSavingsAccountPage.java:74)\r\n\tat procedures.OpenIslamicSavingsAccountProcedures.islamicSavingsAccountByMaker(OpenIslamicSavingsAccountProcedures.java:12)\r\n\tat tests.ABE_OpenIslamicSavingsAccount_MudarabahSBA.test(ABE_OpenIslamicSavingsAccount_MudarabahSBA.java:71)\r\n\tat java.base/jdk.internal.reflect.NativeMethodAccessorImpl.invoke0(Native Method)\r\n\tat java.base/jdk.internal.reflect.NativeMethodAccessorImpl.invoke(NativeMethodAccessorImpl.java:77)\r\n\tat java.base/jdk.internal.reflect.DelegatingMethodAccessorImpl.invoke(DelegatingMethodAccessorImpl.java:43)\r\n\tat java.base/java.lang.reflect.Method.invoke(Method.java:568)\r\n\tat org.testng.internal.invokers.MethodInvocationHelper.invokeMethod(MethodInvocationHelper.java:139)\r\n\tat org.testng.internal.invokers.TestInvoker.invokeMethod(TestInvoker.java:664)\r\n\tat org.testng.internal.invokers.TestInvoker.invokeTestMethod(TestInvoker.java:227)\r\n\tat org.testng.internal.invokers.MethodRunner.runInSequence(MethodRunner.java:50)\r\n\tat org.testng.internal.invokers.TestInvoker$MethodInvocationAgent.invoke(TestInvoker.java:957)\r\n\tat org.testng.internal.invokers.TestInvoker.invokeTestMethods(TestInvoker.java:200)\r\n\tat org.testng.internal.invokers.TestMethodWorker.invokeTestMethods(TestMethodWorker.java:148)\r\n\tat org.testng.internal.invokers.TestMethodWorker.run(TestMethodWorker.java:128)\r\n\tat java.base/java.util.concurrent.ThreadPoolExecutor.runWorker(ThreadPoolExecutor.java:1136)\r\n\tat java.base/java.util.concurrent.ThreadPoolExecutor$Worker.run(ThreadPoolExecutor.java:635)\r\n\tat java.base/java.lang.Thread.run(Thread.java:833)\r\n"},"stage":"finished","steps":[{"name":"{testCaseId}","status":"broken","statusDetails":{"known":false,"muted":false,"flaky":false,"message":"Keys to send should be a not null CharSequence","trace":"java.lang.IllegalArgumentException: Keys to send should be a not null CharSequence\r\n\tat org.openqa.selenium.remote.RemoteWebElement.sendKeys(RemoteWebElement.java:97)\r\n\tat pageobjects.OpenIslamicSavingsAccountPage.addAccountDetails(OpenIslamicSavingsAccountPage.java:74)\r\n\tat procedures.OpenIslamicSavingsAccountProcedures.islamicSavingsAccountByMaker(OpenIslamicSavingsAccountProcedures.java:12)\r\n\tat tests.ABE_OpenIslamicSavingsAccount_MudarabahSBA.test(ABE_OpenIslamicSavingsAccount_MudarabahSBA.java:71)\r\n\tat java.base/jdk.internal.reflect.NativeMethodAccessorImpl.invoke0(Native Method)\r\n\tat java.base/jdk.internal.reflect.NativeMethodAccessorImpl.invoke(NativeMethodAccessorImpl.java:77)\r\n\tat java.base/jdk.internal.reflect.DelegatingMethodAccessorImpl.invoke(DelegatingMethodAccessorImpl.java:43)\r\n\tat java.base/java.lang.reflect.Method.invoke(Method.java:568)\r\n\tat org.testng.internal.invokers.MethodInvocationHelper.invokeMethod(MethodInvocationHelper.java:139)\r\n\tat org.testng.internal.invokers.TestInvoker.invokeMethod(TestInvoker.java:664)\r\n\tat org.testng.internal.invokers.TestInvoker.invokeTestMethod(TestInvoker.java:227)\r\n\tat org.testng.internal.invokers.MethodRunner.runInSequence(MethodRunner.java:50)\r\n\tat org.testng.internal.invokers.TestInvoker$MethodInvocationAgent.invoke(TestInvoker.java:957)\r\n\tat org.testng.internal.invokers.TestInvoker.invokeTestMethods(TestInvoker.java:200)\r\n\tat org.testng.internal.invokers.TestMethodWorker.invokeTestMethods(TestMethodWorker.java:148)\r\n\tat org.testng.internal.invokers.TestMethodWorker.run(TestMethodWorker.java:128)\r\n\tat java.base/java.util.concurrent.ThreadPoolExecutor.runWorker(ThreadPoolExecutor.java:1136)\r\n\tat java.base/java.util.concurrent.ThreadPoolExecutor$Worker.run(ThreadPoolExecutor.java:635)\r\n\tat java.base/java.lang.Thread.run(Thread.java:833)\r\n"},"stage":"finished","steps":[{"name":"Sending menu name","status":"passed","stage":"finished","steps":[],"attachments":[],"parameters":[{"name":"menu","value":"OISAC"}],"start":1694680788716,"stop":1694680805152},{"name":"Frame switching","status":"passed","stage":"finished","steps":[],"attachments":[],"parameters":[],"start":1694680805152,"stop":1694680813588},{"name":"Sending Customer Details","status":"broken","statusDetails":{"known":false,"muted":false,"flaky":false,"message":"Keys to send should be a not null CharSequence","trace":"java.lang.IllegalArgumentException: Keys to send should be a not null CharSequence\r\n\tat org.openqa.selenium.remote.RemoteWebElement.sendKeys(RemoteWebElement.java:97)\r\n\tat pageobjects.OpenIslamicSavingsAccountPage.addAccountDetails(OpenIslamicSavingsAccountPage.java:74)\r\n\tat procedures.OpenIslamicSavingsAccountProcedures.islamicSavingsAccountByMaker(OpenIslamicSavingsAccountProcedures.java:12)\r\n\tat tests.ABE_OpenIslamicSavingsAccount_MudarabahSBA.test(ABE_OpenIslamicSavingsAccount_MudarabahSBA.java:71)\r\n\tat java.base/jdk.internal.reflect.NativeMethodAccessorImpl.invoke0(Native Method)\r\n\tat java.base/jdk.internal.reflect.NativeMethodAccessorImpl.invoke(NativeMethodAccessorImpl.java:77)\r\n\tat java.base/jdk.internal.reflect.DelegatingMethodAccessorImpl.invoke(DelegatingMethodAccessorImpl.java:43)\r\n\tat java.base/java.lang.reflect.Method.invoke(Method.java:568)\r\n\tat org.testng.internal.invokers.MethodInvocationHelper.invokeMethod(MethodInvocationHelper.java:139)\r\n\tat org.testng.internal.invokers.TestInvoker.invokeMethod(TestInvoker.java:664)\r\n\tat org.testng.internal.invokers.TestInvoker.invokeTestMethod(TestInvoker.java:227)\r\n\tat org.testng.internal.invokers.MethodRunner.runInSequence(MethodRunner.java:50)\r\n\tat org.testng.internal.invokers.TestInvoker$MethodInvocationAgent.invoke(TestInvoker.java:957)\r\n\tat org.testng.internal.invokers.TestInvoker.invokeTestMethods(TestInvoker.java:200)\r\n\tat org.testng.internal.invokers.TestMethodWorker.invokeTestMethods(TestMethodWorker.java:148)\r\n\tat org.testng.internal.invokers.TestMethodWorker.run(TestMethodWorker.java:128)\r\n\tat java.base/java.util.concurrent.ThreadPoolExecutor.runWorker(ThreadPoolExecutor.java:1136)\r\n\tat java.base/java.util.concurrent.ThreadPoolExecutor$Worker.run(ThreadPoolExecutor.java:635)\r\n\tat java.base/java.lang.Thread.run(Thread.java:833)\r\n"},"stage":"finished","steps":[],"attachments":[],"parameters":[{"name":"cifid","value":"null"}],"start":1694680813588,"stop":1694680814519}],"attachments":[],"parameters":[{"name":"data","value":"data.OpenIslamicSavingsAccountData@343c6d42"}],"start":1694680788708,"stop":1694680814519}],"attachments":[],"parameters":[{"name":"arg0","value":"data.OpenIslamicSavingsAccountData@343c6d42"},{"name":"TCID: ","value":"FCB-9727"},{"name":"Summary: ","value":"Automation_Cycle1_OpenIslamicSavingsAccount_ByMaker"},{"name":"Username: ","value":"QA46"},{"name":"Menu: ","value":"OISAC"},{"name":"CIFID: ","value":"null"},{"name":"Expected Result: ","value":"The savings account is opened successfully."},{"name":"Reference: ","value":"null"},{"name":"Linked TCID: ","value":"FCB-9728"}],"start":1694680788704,"stop":1694680814524}