{"uuid":"4f8f688a-a437-4efb-af97-482d77d2c22c","historyId":"76633c3fb6ec6524ff685f8a2ff01c86","fullName":"tests.ABECreateSWIFTOutwardTest.CreateAchOutward","labels":[{"name":"package","value":"tests.ABECreateSWIFTOutwardTest"},{"name":"testClass","value":"tests.ABECreateSWIFTOutwardTest"},{"name":"testMethod","value":"CreateAchOutward"},{"name":"parentSuite","value":"Suite"},{"name":"suite","value":"CreateSWIFT "},{"name":"subSuite","value":"tests.ABECreateSWIFTOutwardTest"},{"name":"host","value":"F1TestCore13"},{"name":"thread","value":"13988@F1TestCore13.TestNG-test=CreateSWIFT -1(30)"},{"name":"framework","value":"testng"},{"name":"language","value":"java"}],"links":[],"name":"Test Case ID: FCB-0211","status":"broken","statusDetails":{"known":false,"muted":false,"flaky":false,"message":"Expected condition failed: waiting for element to be clickable: By.xpath: /html/body/div/div/div[4]/div[2]/div[5]/div[3]/div[7]/div/div[2]/div[1]/div[6]/div[2]/div/div/input (tried for 45 second(s) with 500 milliseconds interval)\nBuild info: version: '3.141.59', revision: 'e82be7d358', time: '2018-11-14T08:17:03'\nSystem info: host: 'F1TESTCORE13', ip: '10.10.23.233', os.name: 'Windows 10', os.arch: 'amd64', os.version: '10.0', java.version: '17.0.8'\nDriver info: org.openqa.selenium.remote.RemoteWebDriver\nCapabilities {acceptInsecureCerts: false, browserName: chrome, browserVersion: 90.0.4430.72, chrome: {chromedriverVersion: 90.0.4430.24 (4c6d850f087da..., userDataDir: C:\\Users\\IHAB~1.SAF\\AppData...}, goog:chromeOptions: {debuggerAddress: localhost:57708}, javascriptEnabled: true, networkConnectionEnabled: false, pageLoadStrategy: normal, platform: WINDOWS, platformName: WINDOWS, proxy: Proxy(), setWindowRect: true, strictFileInteractability: false, timeouts: {implicit: 0, pageLoad: 300000, script: 30000}, unhandledPromptBehavior: dismiss and notify, webauthn:extension:largeBlob: true, webauthn:virtualAuthenticators: true, webdriver.remote.sessionid: 283adc5b39ca738571ea9c2c46b...}\nSession ID: 283adc5b39ca738571ea9c2c46ba6c24","trace":"org.openqa.selenium.TimeoutException: Expected condition failed: waiting for element to be clickable: By.xpath: /html/body/div/div/div[4]/div[2]/div[5]/div[3]/div[7]/div/div[2]/div[1]/div[6]/div[2]/div/div/input (tried for 45 second(s) with 500 milliseconds interval)\nBuild info: version: '3.141.59', revision: 'e82be7d358', time: '2018-11-14T08:17:03'\nSystem info: host: 'F1TESTCORE13', ip: '10.10.23.233', os.name: 'Windows 10', os.arch: 'amd64', os.version: '10.0', java.version: '17.0.8'\nDriver info: org.openqa.selenium.remote.RemoteWebDriver\nCapabilities {acceptInsecureCerts: false, browserName: chrome, browserVersion: 90.0.4430.72, chrome: {chromedriverVersion: 90.0.4430.24 (4c6d850f087da..., userDataDir: C:\\Users\\IHAB~1.SAF\\AppData...}, goog:chromeOptions: {debuggerAddress: localhost:57708}, javascriptEnabled: true, networkConnectionEnabled: false, pageLoadStrategy: normal, platform: WINDOWS, platformName: WINDOWS, proxy: Proxy(), setWindowRect: true, strictFileInteractability: false, timeouts: {implicit: 0, pageLoad: 300000, script: 30000}, unhandledPromptBehavior: dismiss and notify, webauthn:extension:largeBlob: true, webauthn:virtualAuthenticators: true, webdriver.remote.sessionid: 283adc5b39ca738571ea9c2c46b...}\nSession ID: 283adc5b39ca738571ea9c2c46ba6c24\r\n\tat org.openqa.selenium.support.ui.WebDriverWait.timeoutException(WebDriverWait.java:95)\r\n\tat org.openqa.selenium.support.ui.FluentWait.until(FluentWait.java:272)\r\n\tat utils.PageFunctionUtils.waitOnElement(PageFunctionUtils.java:55)\r\n\tat pageobjects.ABECreateOutwardTransferPaymentPage.sendKeysAchOutwardPayment(ABECreateOutwardTransferPaymentPage.java:211)\r\n\tat procedures.ABECreateOutwardTransferPaymentProcedures.AchOutwardByMaker(ABECreateOutwardTransferPaymentProcedures.java:15)\r\n\tat tests.ABECreateSWIFTOutwardTest.CreateAchOutward(ABECreateSWIFTOutwardTest.java:72)\r\n\tat java.base/jdk.internal.reflect.NativeMethodAccessorImpl.invoke0(Native Method)\r\n\tat java.base/jdk.internal.reflect.NativeMethodAccessorImpl.invoke(NativeMethodAccessorImpl.java:77)\r\n\tat java.base/jdk.internal.reflect.DelegatingMethodAccessorImpl.invoke(DelegatingMethodAccessorImpl.java:43)\r\n\tat java.base/java.lang.reflect.Method.invoke(Method.java:568)\r\n\tat org.testng.internal.invokers.MethodInvocationHelper.invokeMethod(MethodInvocationHelper.java:139)\r\n\tat org.testng.internal.invokers.TestInvoker.invokeMethod(TestInvoker.java:664)\r\n\tat org.testng.internal.invokers.TestInvoker.invokeTestMethod(TestInvoker.java:227)\r\n\tat org.testng.internal.invokers.MethodRunner.runInSequence(MethodRunner.java:50)\r\n\tat org.testng.internal.invokers.TestInvoker$MethodInvocationAgent.invoke(TestInvoker.java:957)\r\n\tat org.testng.internal.invokers.TestInvoker.invokeTestMethods(TestInvoker.java:200)\r\n\tat org.testng.internal.invokers.TestMethodWorker.invokeTestMethods(TestMethodWorker.java:148)\r\n\tat org.testng.internal.invokers.TestMethodWorker.run(TestMethodWorker.java:128)\r\n\tat java.base/java.util.concurrent.ThreadPoolExecutor.runWorker(ThreadPoolExecutor.java:1136)\r\n\tat java.base/java.util.concurrent.ThreadPoolExecutor$Worker.run(ThreadPoolExecutor.java:635)\r\n\tat java.base/java.lang.Thread.run(Thread.java:833)\r\n"},"stage":"finished","steps":[{"name":"{testCaseId}","status":"broken","statusDetails":{"known":false,"muted":false,"flaky":false,"message":"Expected condition failed: waiting for element to be clickable: By.xpath: /html/body/div/div/div[4]/div[2]/div[5]/div[3]/div[7]/div/div[2]/div[1]/div[6]/div[2]/div/div/input (tried for 45 second(s) with 500 milliseconds interval)\nBuild info: version: '3.141.59', revision: 'e82be7d358', time: '2018-11-14T08:17:03'\nSystem info: host: 'F1TESTCORE13', ip: '10.10.23.233', os.name: 'Windows 10', os.arch: 'amd64', os.version: '10.0', java.version: '17.0.8'\nDriver info: org.openqa.selenium.remote.RemoteWebDriver\nCapabilities {acceptInsecureCerts: false, browserName: chrome, browserVersion: 90.0.4430.72, chrome: {chromedriverVersion: 90.0.4430.24 (4c6d850f087da..., userDataDir: C:\\Users\\IHAB~1.SAF\\AppData...}, goog:chromeOptions: {debuggerAddress: localhost:57708}, javascriptEnabled: true, networkConnectionEnabled: false, pageLoadStrategy: normal, platform: WINDOWS, platformName: WINDOWS, proxy: Proxy(), setWindowRect: true, strictFileInteractability: false, timeouts: {implicit: 0, pageLoad: 300000, script: 30000}, unhandledPromptBehavior: dismiss and notify, webauthn:extension:largeBlob: true, webauthn:virtualAuthenticators: true, webdriver.remote.sessionid: 283adc5b39ca738571ea9c2c46b...}\nSession ID: 283adc5b39ca738571ea9c2c46ba6c24","trace":"org.openqa.selenium.TimeoutException: Expected condition failed: waiting for element to be clickable: By.xpath: /html/body/div/div/div[4]/div[2]/div[5]/div[3]/div[7]/div/div[2]/div[1]/div[6]/div[2]/div/div/input (tried for 45 second(s) with 500 milliseconds interval)\nBuild info: version: '3.141.59', revision: 'e82be7d358', time: '2018-11-14T08:17:03'\nSystem info: host: 'F1TESTCORE13', ip: '10.10.23.233', os.name: 'Windows 10', os.arch: 'amd64', os.version: '10.0', java.version: '17.0.8'\nDriver info: org.openqa.selenium.remote.RemoteWebDriver\nCapabilities {acceptInsecureCerts: false, browserName: chrome, browserVersion: 90.0.4430.72, chrome: {chromedriverVersion: 90.0.4430.24 (4c6d850f087da..., userDataDir: C:\\Users\\IHAB~1.SAF\\AppData...}, goog:chromeOptions: {debuggerAddress: localhost:57708}, javascriptEnabled: true, networkConnectionEnabled: false, pageLoadStrategy: normal, platform: WINDOWS, platformName: WINDOWS, proxy: Proxy(), setWindowRect: true, strictFileInteractability: false, timeouts: {implicit: 0, pageLoad: 300000, script: 30000}, unhandledPromptBehavior: dismiss and notify, webauthn:extension:largeBlob: true, webauthn:virtualAuthenticators: true, webdriver.remote.sessionid: 283adc5b39ca738571ea9c2c46b...}\nSession ID: 283adc5b39ca738571ea9c2c46ba6c24\r\n\tat org.openqa.selenium.support.ui.WebDriverWait.timeoutException(WebDriverWait.java:95)\r\n\tat org.openqa.selenium.support.ui.FluentWait.until(FluentWait.java:272)\r\n\tat utils.PageFunctionUtils.waitOnElement(PageFunctionUtils.java:55)\r\n\tat pageobjects.ABECreateOutwardTransferPaymentPage.sendKeysAchOutwardPayment(ABECreateOutwardTransferPaymentPage.java:211)\r\n\tat procedures.ABECreateOutwardTransferPaymentProcedures.AchOutwardByMaker(ABECreateOutwardTransferPaymentProcedures.java:15)\r\n\tat tests.ABECreateSWIFTOutwardTest.CreateAchOutward(ABECreateSWIFTOutwardTest.java:72)\r\n\tat java.base/jdk.internal.reflect.NativeMethodAccessorImpl.invoke0(Native Method)\r\n\tat java.base/jdk.internal.reflect.NativeMethodAccessorImpl.invoke(NativeMethodAccessorImpl.java:77)\r\n\tat java.base/jdk.internal.reflect.DelegatingMethodAccessorImpl.invoke(DelegatingMethodAccessorImpl.java:43)\r\n\tat java.base/java.lang.reflect.Method.invoke(Method.java:568)\r\n\tat org.testng.internal.invokers.MethodInvocationHelper.invokeMethod(MethodInvocationHelper.java:139)\r\n\tat org.testng.internal.invokers.TestInvoker.invokeMethod(TestInvoker.java:664)\r\n\tat org.testng.internal.invokers.TestInvoker.invokeTestMethod(TestInvoker.java:227)\r\n\tat org.testng.internal.invokers.MethodRunner.runInSequence(MethodRunner.java:50)\r\n\tat org.testng.internal.invokers.TestInvoker$MethodInvocationAgent.invoke(TestInvoker.java:957)\r\n\tat org.testng.internal.invokers.TestInvoker.invokeTestMethods(TestInvoker.java:200)\r\n\tat org.testng.internal.invokers.TestMethodWorker.invokeTestMethods(TestMethodWorker.java:148)\r\n\tat org.testng.internal.invokers.TestMethodWorker.run(TestMethodWorker.java:128)\r\n\tat java.base/java.util.concurrent.ThreadPoolExecutor.runWorker(ThreadPoolExecutor.java:1136)\r\n\tat java.base/java.util.concurrent.ThreadPoolExecutor$Worker.run(ThreadPoolExecutor.java:635)\r\n\tat java.base/java.lang.Thread.run(Thread.java:833)\r\n"},"stage":"finished","steps":[{"name":"Sending menu name: MPOR","status":"passed","stage":"finished","steps":[],"attachments":[],"parameters":[{"name":"menu","value":"MPOR"}],"start":1698568252314,"stop":1698568266120},{"name":"Frame switching","status":"passed","stage":"finished","steps":[],"attachments":[],"parameters":[],"start":1698568266120,"stop":1698568275399},{"name":"Sending payment details: Customer Payment","status":"passed","stage":"finished","steps":[],"attachments":[],"parameters":[{"name":"serviceID","value":"Customer Payment"},{"name":"paysys","value":"SWIFT"}],"start":1698568275399,"stop":1698568276056},{"name":"Press Go button","status":"passed","stage":"finished","steps":[],"attachments":[],"parameters":[],"start":1698568276056,"stop":1698568276205},{"name":"Sending ACH Outward Payment details: Af","status":"broken","statusDetails":{"known":false,"muted":false,"flaky":false,"message":"Expected condition failed: waiting for element to be clickable: By.xpath: /html/body/div/div/div[4]/div[2]/div[5]/div[3]/div[7]/div/div[2]/div[1]/div[6]/div[2]/div/div/input (tried for 45 second(s) with 500 milliseconds interval)\nBuild info: version: '3.141.59', revision: 'e82be7d358', time: '2018-11-14T08:17:03'\nSystem info: host: 'F1TESTCORE13', ip: '10.10.23.233', os.name: 'Windows 10', os.arch: 'amd64', os.version: '10.0', java.version: '17.0.8'\nDriver info: org.openqa.selenium.remote.RemoteWebDriver\nCapabilities {acceptInsecureCerts: false, browserName: chrome, browserVersion: 90.0.4430.72, chrome: {chromedriverVersion: 90.0.4430.24 (4c6d850f087da..., userDataDir: C:\\Users\\IHAB~1.SAF\\AppData...}, goog:chromeOptions: {debuggerAddress: localhost:57708}, javascriptEnabled: true, networkConnectionEnabled: false, pageLoadStrategy: normal, platform: WINDOWS, platformName: WINDOWS, proxy: Proxy(), setWindowRect: true, strictFileInteractability: false, timeouts: {implicit: 0, pageLoad: 300000, script: 30000}, unhandledPromptBehavior: dismiss and notify, webauthn:extension:largeBlob: true, webauthn:virtualAuthenticators: true, webdriver.remote.sessionid: 283adc5b39ca738571ea9c2c46b...}\nSession ID: 283adc5b39ca738571ea9c2c46ba6c24","trace":"org.openqa.selenium.TimeoutException: Expected condition failed: waiting for element to be clickable: By.xpath: /html/body/div/div/div[4]/div[2]/div[5]/div[3]/div[7]/div/div[2]/div[1]/div[6]/div[2]/div/div/input (tried for 45 second(s) with 500 milliseconds interval)\nBuild info: version: '3.141.59', revision: 'e82be7d358', time: '2018-11-14T08:17:03'\nSystem info: host: 'F1TESTCORE13', ip: '10.10.23.233', os.name: 'Windows 10', os.arch: 'amd64', os.version: '10.0', java.version: '17.0.8'\nDriver info: org.openqa.selenium.remote.RemoteWebDriver\nCapabilities {acceptInsecureCerts: false, browserName: chrome, browserVersion: 90.0.4430.72, chrome: {chromedriverVersion: 90.0.4430.24 (4c6d850f087da..., userDataDir: C:\\Users\\IHAB~1.SAF\\AppData...}, goog:chromeOptions: {debuggerAddress: localhost:57708}, javascriptEnabled: true, networkConnectionEnabled: false, pageLoadStrategy: normal, platform: WINDOWS, platformName: WINDOWS, proxy: Proxy(), setWindowRect: true, strictFileInteractability: false, timeouts: {implicit: 0, pageLoad: 300000, script: 30000}, unhandledPromptBehavior: dismiss and notify, webauthn:extension:largeBlob: true, webauthn:virtualAuthenticators: true, webdriver.remote.sessionid: 283adc5b39ca738571ea9c2c46b...}\nSession ID: 283adc5b39ca738571ea9c2c46ba6c24\r\n\tat org.openqa.selenium.support.ui.WebDriverWait.timeoutException(WebDriverWait.java:95)\r\n\tat org.openqa.selenium.support.ui.FluentWait.until(FluentWait.java:272)\r\n\tat utils.PageFunctionUtils.waitOnElement(PageFunctionUtils.java:55)\r\n\tat pageobjects.ABECreateOutwardTransferPaymentPage.sendKeysAchOutwardPayment(ABECreateOutwardTransferPaymentPage.java:211)\r\n\tat procedures.ABECreateOutwardTransferPaymentProcedures.AchOutwardByMaker(ABECreateOutwardTransferPaymentProcedures.java:15)\r\n\tat tests.ABECreateSWIFTOutwardTest.CreateAchOutward(ABECreateSWIFTOutwardTest.java:72)\r\n\tat java.base/jdk.internal.reflect.NativeMethodAccessorImpl.invoke0(Native Method)\r\n\tat java.base/jdk.internal.reflect.NativeMethodAccessorImpl.invoke(NativeMethodAccessorImpl.java:77)\r\n\tat java.base/jdk.internal.reflect.DelegatingMethodAccessorImpl.invoke(DelegatingMethodAccessorImpl.java:43)\r\n\tat java.base/java.lang.reflect.Method.invoke(Method.java:568)\r\n\tat org.testng.internal.invokers.MethodInvocationHelper.invokeMethod(MethodInvocationHelper.java:139)\r\n\tat org.testng.internal.invokers.TestInvoker.invokeMethod(TestInvoker.java:664)\r\n\tat org.testng.internal.invokers.TestInvoker.invokeTestMethod(TestInvoker.java:227)\r\n\tat org.testng.internal.invokers.MethodRunner.runInSequence(MethodRunner.java:50)\r\n\tat org.testng.internal.invokers.TestInvoker$MethodInvocationAgent.invoke(TestInvoker.java:957)\r\n\tat org.testng.internal.invokers.TestInvoker.invokeTestMethods(TestInvoker.java:200)\r\n\tat org.testng.internal.invokers.TestMethodWorker.invokeTestMethods(TestMethodWorker.java:148)\r\n\tat org.testng.internal.invokers.TestMethodWorker.run(TestMethodWorker.java:128)\r\n\tat java.base/java.util.concurrent.ThreadPoolExecutor.runWorker(ThreadPoolExecutor.java:1136)\r\n\tat java.base/java.util.concurrent.ThreadPoolExecutor$Worker.run(ThreadPoolExecutor.java:635)\r\n\tat java.base/java.lang.Thread.run(Thread.java:833)\r\n"},"stage":"finished","steps":[],"attachments":[],"parameters":[{"name":"countryCodeREM","value":"Af"},{"name":"waiveRemark","value":"Gad3ana"},{"name":"waiveChargeRadio","value":"NO"},{"name":"chargetype","value":"BEN"},{"name":"accRem","value":"'110000001608018219"},{"name":"ccy","value":"EGP"},{"name":"nameRem","value":"Mourad Ahmed Nabawy"},{"name":"address1_Ben","value":"MAADI"},{"name":"address2_Ben","value":"Zahraa El Maadi"},{"name":"purcode","value":"CASH"},{"name":"address1_Rem","value":"MAADi"},{"name":"address2_Rem","value":"Zahraa El Maadi"},{"name":"amount","value":"'200000"},{"name":"date","value":"30102023"},{"name":"line1","value":"TEST"},{"name":"accBen","value":"132456"},{"name":"nameBen","value":"TEST"},{"name":"bicBen","value":"ABOCDEF0DOT"},{"name":"networkBen","value":"SWIFT"},{"name":"bankBen","value":"F1DOT"},{"name":"branchBen","value":"ABOCDE"}],"start":1698568276206,"stop":1698568336567}],"attachments":[],"parameters":[{"name":"data","value":"ABECreateOutwardTransferPaymentData [tcId=FCB-0211, summary=Automation_Cycle1_CreateSWIFTOutward_ByMaker, username=QA49, password=Infy@123, Charge_type=BEN, waiveChargeRemark=Gad3ana, menu=MPOR, PaysysID=SWIFT, Date=30102023, Amount='200000, Line1_RI=TEST, CCY=EGP, BIC_BEN=ABOCDEF0DOT, Network_BEN=SWIFT, Branch_BEN=ABOCDE, chargeWaiveOption=NO, Bank_BEN=F1DOT, serviceTypeID=Customer Payment, countryCode_REM=Af, Name_BEN=TEST, Name_REM=Mourad Ahmed Nabawy, Address1_REM=MAADi, Address2_REM=Zahraa El Maadi, Address1_BEN=MAADI, Address2_BEN=Zahraa El Maadi, Purpose_Code=CASH, Account_BEN=132456, Account='110000001608018219, expectedResult=The record is added successfully., Pos=null, linkedTcid=FCB-022]"}],"start":1698568252283,"stop":1698568336567}],"attachments":[],"parameters":[{"name":"arg0","value":"ABECreateOutwardTransferPaymentData [tcId=FCB-0211, summary=Automation_Cycle1_CreateSWIFTOutward_ByMaker, username=QA49, password=Infy@123, Charge_type=BEN, waiveChargeRemark=Gad3ana, menu=MPOR, PaysysID=SWIFT, Date=30102023, Amount='200000, Line1_RI=TEST, CCY=EGP, BIC_BEN=ABOCDEF0DOT, Network_BEN=SWIFT, Branch_BEN=ABOCDE, chargeWaiveOption=NO, Bank_BEN=F1DOT, serviceTypeID=Customer Payment, countryCode_REM=Af, Name_BEN=TEST, Name_REM=Mourad Ahmed Nabawy, Address1_REM=MAADi, Address2_REM=Zahraa El Maadi, Address1_BEN=MAADI, Address2_BEN=Zahraa El Maadi, Purpose_Code=CASH, Account_BEN=132456, Account='110000001608018219, expectedResult=The record is added successfully., Pos=null, linkedTcid=FCB-022]"},{"name":"Data: ","value":"ABECreateOutwardTransferPaymentData [tcId=FCB-0211, summary=Automation_Cycle1_CreateSWIFTOutward_ByMaker, username=QA49, password=Infy@123, Charge_type=BEN, waiveChargeRemark=Gad3ana, menu=MPOR, PaysysID=SWIFT, Date=30102023, Amount='200000, Line1_RI=TEST, CCY=EGP, BIC_BEN=ABOCDEF0DOT, Network_BEN=SWIFT, Branch_BEN=ABOCDE, chargeWaiveOption=NO, Bank_BEN=F1DOT, serviceTypeID=Customer Payment, countryCode_REM=Af, Name_BEN=TEST, Name_REM=Mourad Ahmed Nabawy, Address1_REM=MAADi, Address2_REM=Zahraa El Maadi, Address1_BEN=MAADI, Address2_BEN=Zahraa El Maadi, Purpose_Code=CASH, Account_BEN=132456, Account='110000001608018219, expectedResult=The record is added successfully., Pos=null, linkedTcid=FCB-022]"}],"start":1698568252280,"stop":1698568336573}