{"uuid":"612c0f83-00c8-4e83-930c-5537a661c3f3","historyId":"d67dfe5517c5bd97810035812fb3f592","fullName":"tests.ABEOpenMurabahaAccountMurabahaFinancingTest.openMurabahaAccountMurabahaFinancingTest","labels":[{"name":"package","value":"tests.ABEOpenMurabahaAccountMurabahaFinancingTest"},{"name":"testClass","value":"tests.ABEOpenMurabahaAccountMurabahaFinancingTest"},{"name":"testMethod","value":"openMurabahaAccountMurabahaFinancingTest"},{"name":"parentSuite","value":"Suite"},{"name":"suite","value":"Islamic Murabaha Account Opening"},{"name":"subSuite","value":"tests.ABEOpenMurabahaAccountMurabahaFinancingTest"},{"name":"host","value":"F1TestCore2"},{"name":"thread","value":"12360@F1TestCore2.TestNG-test=Islamic Murabaha Account Opening-1(32)"},{"name":"framework","value":"testng"},{"name":"language","value":"java"}],"links":[],"name":"Test Case ID: FCB-9938","status":"broken","statusDetails":{"known":false,"muted":false,"flaky":false,"message":"Expected condition failed: waiting for element to be clickable: By.xpath: (//input[@id='_einsFreq_RB2_radio'])[1] (tried for 45 second(s) with 500 milliseconds interval)\nBuild info: version: '3.141.59', revision: 'e82be7d358', time: '2018-11-14T08:17:03'\nSystem info: host: 'F1TESTCORE2', ip: '10.10.23.242', os.name: 'Windows 10', os.arch: 'amd64', os.version: '10.0', java.version: '17.0.8'\nDriver info: org.openqa.selenium.remote.RemoteWebDriver\nCapabilities {acceptInsecureCerts: false, browserName: chrome, browserVersion: 90.0.4430.72, chrome: {chromedriverVersion: 90.0.4430.24 (4c6d850f087da..., userDataDir: C:\\Users\\AMMAR~1.SHA\\AppDat...}, goog:chromeOptions: {debuggerAddress: localhost:55603}, javascriptEnabled: true, networkConnectionEnabled: false, pageLoadStrategy: normal, platform: WINDOWS, platformName: WINDOWS, proxy: Proxy(), setWindowRect: true, strictFileInteractability: false, timeouts: {implicit: 0, pageLoad: 300000, script: 30000}, unhandledPromptBehavior: dismiss and notify, webauthn:extension:largeBlob: true, webauthn:virtualAuthenticators: true, webdriver.remote.sessionid: 7e7b28626f6601b86fe308bf291...}\nSession ID: 7e7b28626f6601b86fe308bf291de11d","trace":"org.openqa.selenium.TimeoutException: Expected condition failed: waiting for element to be clickable: By.xpath: (//input[@id='_einsFreq_RB2_radio'])[1] (tried for 45 second(s) with 500 milliseconds interval)\nBuild info: version: '3.141.59', revision: 'e82be7d358', time: '2018-11-14T08:17:03'\nSystem info: host: 'F1TESTCORE2', ip: '10.10.23.242', os.name: 'Windows 10', os.arch: 'amd64', os.version: '10.0', java.version: '17.0.8'\nDriver info: org.openqa.selenium.remote.RemoteWebDriver\nCapabilities {acceptInsecureCerts: false, browserName: chrome, browserVersion: 90.0.4430.72, chrome: {chromedriverVersion: 90.0.4430.24 (4c6d850f087da..., userDataDir: C:\\Users\\AMMAR~1.SHA\\AppDat...}, goog:chromeOptions: {debuggerAddress: localhost:55603}, javascriptEnabled: true, networkConnectionEnabled: false, pageLoadStrategy: normal, platform: WINDOWS, platformName: WINDOWS, proxy: Proxy(), setWindowRect: true, strictFileInteractability: false, timeouts: {implicit: 0, pageLoad: 300000, script: 30000}, unhandledPromptBehavior: dismiss and notify, webauthn:extension:largeBlob: true, webauthn:virtualAuthenticators: true, webdriver.remote.sessionid: 7e7b28626f6601b86fe308bf291...}\nSession ID: 7e7b28626f6601b86fe308bf291de11d\r\n\tat org.openqa.selenium.support.ui.WebDriverWait.timeoutException(WebDriverWait.java:95)\r\n\tat org.openqa.selenium.support.ui.FluentWait.until(FluentWait.java:272)\r\n\tat utils.PageFunctionUtils.clickOnElement(PageFunctionUtils.java:11)\r\n\tat pageobjects.ABEOpenMurabahaAccountMurabahaFinancingPage.sendKeysRepaymentParameterDetails(ABEOpenMurabahaAccountMurabahaFinancingPage.java:308)\r\n\tat procedures.ABEOpenMurabahaAccountMurabahaFinancingProcedures.openMurabahaAccountMurabahaFinancing(ABEOpenMurabahaAccountMurabahaFinancingProcedures.java:15)\r\n\tat tests.ABEOpenMurabahaAccountMurabahaFinancingTest.openMurabahaAccountMurabahaFinancingTest(ABEOpenMurabahaAccountMurabahaFinancingTest.java:66)\r\n\tat java.base/jdk.internal.reflect.NativeMethodAccessorImpl.invoke0(Native Method)\r\n\tat java.base/jdk.internal.reflect.NativeMethodAccessorImpl.invoke(NativeMethodAccessorImpl.java:77)\r\n\tat java.base/jdk.internal.reflect.DelegatingMethodAccessorImpl.invoke(DelegatingMethodAccessorImpl.java:43)\r\n\tat java.base/java.lang.reflect.Method.invoke(Method.java:568)\r\n\tat org.testng.internal.invokers.MethodInvocationHelper.invokeMethod(MethodInvocationHelper.java:139)\r\n\tat org.testng.internal.invokers.TestInvoker.invokeMethod(TestInvoker.java:664)\r\n\tat org.testng.internal.invokers.TestInvoker.invokeTestMethod(TestInvoker.java:227)\r\n\tat org.testng.internal.invokers.MethodRunner.runInSequence(MethodRunner.java:50)\r\n\tat org.testng.internal.invokers.TestInvoker$MethodInvocationAgent.invoke(TestInvoker.java:957)\r\n\tat org.testng.internal.invokers.TestInvoker.invokeTestMethods(TestInvoker.java:200)\r\n\tat org.testng.internal.invokers.TestMethodWorker.invokeTestMethods(TestMethodWorker.java:148)\r\n\tat org.testng.internal.invokers.TestMethodWorker.run(TestMethodWorker.java:128)\r\n\tat java.base/java.util.concurrent.ThreadPoolExecutor.runWorker(ThreadPoolExecutor.java:1136)\r\n\tat java.base/java.util.concurrent.ThreadPoolExecutor$Worker.run(ThreadPoolExecutor.java:635)\r\n\tat java.base/java.lang.Thread.run(Thread.java:833)\r\n"},"stage":"finished","steps":[{"name":"Sending menu name: OIFAT","status":"passed","stage":"finished","steps":[],"attachments":[],"parameters":[{"name":"menu","value":"OIFAT"}],"start":1696420797710,"stop":1696420817821},{"name":"Frame switching","status":"passed","stage":"finished","steps":[],"attachments":[],"parameters":[],"start":1696420817821,"stop":1696420836324},{"name":"Sending customer details: 6246013","status":"passed","stage":"finished","steps":[],"attachments":[],"parameters":[{"name":"cifid","value":"6246013"},{"name":"schemeCode","value":"4010"}],"start":1696420836325,"stop":1696420837671},{"name":"Sending basic asset details: 100000","status":"passed","stage":"finished","steps":[],"attachments":[],"parameters":[{"name":"assetValue","value":"100000"},{"name":"customerMargin","value":"0"}],"start":1696420837672,"stop":1696420840400},{"name":"Sending finance details: 12","status":"passed","stage":"finished","steps":[],"attachments":[],"parameters":[{"name":"financePeriodMonths","value":"12"},{"name":"financePeriodDays","value":"0"},{"name":"debitAccountId","value":"'1606624601301001"}],"start":1696420840400,"stop":1696420843753},{"name":"Sending repayment parameter details: no","status":"broken","statusDetails":{"known":false,"muted":false,"flaky":false,"message":"Expected condition failed: waiting for element to be clickable: By.xpath: (//input[@id='_einsFreq_RB2_radio'])[1] (tried for 45 second(s) with 500 milliseconds interval)\nBuild info: version: '3.141.59', revision: 'e82be7d358', time: '2018-11-14T08:17:03'\nSystem info: host: 'F1TESTCORE2', ip: '10.10.23.242', os.name: 'Windows 10', os.arch: 'amd64', os.version: '10.0', java.version: '17.0.8'\nDriver info: org.openqa.selenium.remote.RemoteWebDriver\nCapabilities {acceptInsecureCerts: false, browserName: chrome, browserVersion: 90.0.4430.72, chrome: {chromedriverVersion: 90.0.4430.24 (4c6d850f087da..., userDataDir: C:\\Users\\AMMAR~1.SHA\\AppDat...}, goog:chromeOptions: {debuggerAddress: localhost:55603}, javascriptEnabled: true, networkConnectionEnabled: false, pageLoadStrategy: normal, platform: WINDOWS, platformName: WINDOWS, proxy: Proxy(), setWindowRect: true, strictFileInteractability: false, timeouts: {implicit: 0, pageLoad: 300000, script: 30000}, unhandledPromptBehavior: dismiss and notify, webauthn:extension:largeBlob: true, webauthn:virtualAuthenticators: true, webdriver.remote.sessionid: 7e7b28626f6601b86fe308bf291...}\nSession ID: 7e7b28626f6601b86fe308bf291de11d","trace":"org.openqa.selenium.TimeoutException: Expected condition failed: waiting for element to be clickable: By.xpath: (//input[@id='_einsFreq_RB2_radio'])[1] (tried for 45 second(s) with 500 milliseconds interval)\nBuild info: version: '3.141.59', revision: 'e82be7d358', time: '2018-11-14T08:17:03'\nSystem info: host: 'F1TESTCORE2', ip: '10.10.23.242', os.name: 'Windows 10', os.arch: 'amd64', os.version: '10.0', java.version: '17.0.8'\nDriver info: org.openqa.selenium.remote.RemoteWebDriver\nCapabilities {acceptInsecureCerts: false, browserName: chrome, browserVersion: 90.0.4430.72, chrome: {chromedriverVersion: 90.0.4430.24 (4c6d850f087da..., userDataDir: C:\\Users\\AMMAR~1.SHA\\AppDat...}, goog:chromeOptions: {debuggerAddress: localhost:55603}, javascriptEnabled: true, networkConnectionEnabled: false, pageLoadStrategy: normal, platform: WINDOWS, platformName: WINDOWS, proxy: Proxy(), setWindowRect: true, strictFileInteractability: false, timeouts: {implicit: 0, pageLoad: 300000, script: 30000}, unhandledPromptBehavior: dismiss and notify, webauthn:extension:largeBlob: true, webauthn:virtualAuthenticators: true, webdriver.remote.sessionid: 7e7b28626f6601b86fe308bf291...}\nSession ID: 7e7b28626f6601b86fe308bf291de11d\r\n\tat org.openqa.selenium.support.ui.WebDriverWait.timeoutException(WebDriverWait.java:95)\r\n\tat org.openqa.selenium.support.ui.FluentWait.until(FluentWait.java:272)\r\n\tat utils.PageFunctionUtils.clickOnElement(PageFunctionUtils.java:11)\r\n\tat pageobjects.ABEOpenMurabahaAccountMurabahaFinancingPage.sendKeysRepaymentParameterDetails(ABEOpenMurabahaAccountMurabahaFinancingPage.java:308)\r\n\tat procedures.ABEOpenMurabahaAccountMurabahaFinancingProcedures.openMurabahaAccountMurabahaFinancing(ABEOpenMurabahaAccountMurabahaFinancingProcedures.java:15)\r\n\tat tests.ABEOpenMurabahaAccountMurabahaFinancingTest.openMurabahaAccountMurabahaFinancingTest(ABEOpenMurabahaAccountMurabahaFinancingTest.java:66)\r\n\tat java.base/jdk.internal.reflect.NativeMethodAccessorImpl.invoke0(Native Method)\r\n\tat java.base/jdk.internal.reflect.NativeMethodAccessorImpl.invoke(NativeMethodAccessorImpl.java:77)\r\n\tat java.base/jdk.internal.reflect.DelegatingMethodAccessorImpl.invoke(DelegatingMethodAccessorImpl.java:43)\r\n\tat java.base/java.lang.reflect.Method.invoke(Method.java:568)\r\n\tat org.testng.internal.invokers.MethodInvocationHelper.invokeMethod(MethodInvocationHelper.java:139)\r\n\tat org.testng.internal.invokers.TestInvoker.invokeMethod(TestInvoker.java:664)\r\n\tat org.testng.internal.invokers.TestInvoker.invokeTestMethod(TestInvoker.java:227)\r\n\tat org.testng.internal.invokers.MethodRunner.runInSequence(MethodRunner.java:50)\r\n\tat org.testng.internal.invokers.TestInvoker$MethodInvocationAgent.invoke(TestInvoker.java:957)\r\n\tat org.testng.internal.invokers.TestInvoker.invokeTestMethods(TestInvoker.java:200)\r\n\tat org.testng.internal.invokers.TestMethodWorker.invokeTestMethods(TestMethodWorker.java:148)\r\n\tat org.testng.internal.invokers.TestMethodWorker.run(TestMethodWorker.java:128)\r\n\tat java.base/java.util.concurrent.ThreadPoolExecutor.runWorker(ThreadPoolExecutor.java:1136)\r\n\tat java.base/java.util.concurrent.ThreadPoolExecutor$Worker.run(ThreadPoolExecutor.java:635)\r\n\tat java.base/java.lang.Thread.run(Thread.java:833)\r\n"},"stage":"finished","steps":[],"attachments":[],"parameters":[{"name":"equatedInstallment","value":"no"},{"name":"repaymentType","value":"bullet"},{"name":"numberOfInstallments","value":"1"},{"name":"installmentStartDate","value":"'05-10-2023"},{"name":"installmentFrequency","value":"quarterly"},{"name":"profitStartDate","value":"'18-10-2023"},{"name":"profitFrequency","value":"twice a month"},{"name":"date","value":"18"},{"name":"calendar","value":"hijri calendar"},{"name":"onHoliday","value":"skip"}],"start":1696420843753,"stop":1696420892565}],"attachments":[],"parameters":[{"name":"arg0","value":"data.ABEOpenMurabahaAccountMurabahaFinancingData@429a3fc4"},{"name":"Data: ","value":"data.ABEOpenMurabahaAccountMurabahaFinancingData@429a3fc4"}],"start":1696420797692,"stop":1696420892570}