{"uuid":"a6a5644a-9f15-47a9-9790-e2c7c22972b7","historyId":"83787b441fc7b8d82d802c97a12e40b0","fullName":"tests.ABECreateSTOTest.CreateSTO","labels":[{"name":"package","value":"tests.ABECreateSTOTest"},{"name":"testClass","value":"tests.ABECreateSTOTest"},{"name":"testMethod","value":"CreateSTO"},{"name":"parentSuite","value":"Suite"},{"name":"suite","value":"ABE Create STO "},{"name":"subSuite","value":"tests.ABECreateSTOTest"},{"name":"host","value":"F1TestCore13"},{"name":"thread","value":"12140@F1TestCore13.TestNG-test=ABE Create STO -1(30)"},{"name":"framework","value":"testng"},{"name":"language","value":"java"}],"links":[],"name":"Test Case ID: FCB-1054","status":"broken","statusDetails":{"known":false,"muted":false,"flaky":false,"message":"Expected condition failed: waiting for element to be clickable: By.xpath: (//input[@id='_acct_balance_mnd_dtls$amt'])[1] (tried for 15 second(s) with 500 milliseconds interval)\nBuild info: version: '3.141.59', revision: 'e82be7d358', time: '2018-11-14T08:17:03'\nSystem info: host: 'F1TESTCORE13', ip: '10.10.23.233', os.name: 'Windows 10', os.arch: 'amd64', os.version: '10.0', java.version: '17.0.8'\nDriver info: org.openqa.selenium.remote.RemoteWebDriver\nCapabilities {acceptInsecureCerts: false, browserName: chrome, browserVersion: 90.0.4430.72, chrome: {chromedriverVersion: 90.0.4430.24 (4c6d850f087da..., userDataDir: C:\\Users\\IHAB~1.SAF\\AppData...}, goog:chromeOptions: {debuggerAddress: localhost:62922}, javascriptEnabled: true, networkConnectionEnabled: false, pageLoadStrategy: normal, platform: WINDOWS, platformName: WINDOWS, proxy: Proxy(), setWindowRect: true, strictFileInteractability: false, timeouts: {implicit: 0, pageLoad: 300000, script: 30000}, unhandledPromptBehavior: dismiss and notify, webauthn:extension:largeBlob: true, webauthn:virtualAuthenticators: true, webdriver.remote.sessionid: 26a5aebdd64432f531c7f4c3987...}\nSession ID: 26a5aebdd64432f531c7f4c39875252f","trace":"org.openqa.selenium.TimeoutException: Expected condition failed: waiting for element to be clickable: By.xpath: (//input[@id='_acct_balance_mnd_dtls$amt'])[1] (tried for 15 second(s) with 500 milliseconds interval)\nBuild info: version: '3.141.59', revision: 'e82be7d358', time: '2018-11-14T08:17:03'\nSystem info: host: 'F1TESTCORE13', ip: '10.10.23.233', os.name: 'Windows 10', os.arch: 'amd64', os.version: '10.0', java.version: '17.0.8'\nDriver info: org.openqa.selenium.remote.RemoteWebDriver\nCapabilities {acceptInsecureCerts: false, browserName: chrome, browserVersion: 90.0.4430.72, chrome: {chromedriverVersion: 90.0.4430.24 (4c6d850f087da..., userDataDir: C:\\Users\\IHAB~1.SAF\\AppData...}, goog:chromeOptions: {debuggerAddress: localhost:62922}, javascriptEnabled: true, networkConnectionEnabled: false, pageLoadStrategy: normal, platform: WINDOWS, platformName: WINDOWS, proxy: Proxy(), setWindowRect: true, strictFileInteractability: false, timeouts: {implicit: 0, pageLoad: 300000, script: 30000}, unhandledPromptBehavior: dismiss and notify, webauthn:extension:largeBlob: true, webauthn:virtualAuthenticators: true, webdriver.remote.sessionid: 26a5aebdd64432f531c7f4c3987...}\nSession ID: 26a5aebdd64432f531c7f4c39875252f\r\n\tat org.openqa.selenium.support.ui.WebDriverWait.timeoutException(WebDriverWait.java:95)\r\n\tat org.openqa.selenium.support.ui.FluentWait.until(FluentWait.java:272)\r\n\tat utils.PageFunctionUtils.enterDataInWebElement(PageFunctionUtils.java:43)\r\n\tat pageobjects.ABECreateSTOPage.sendAmountTypeDerivedSTO(ABECreateSTOPage.java:182)\r\n\tat procedures.ABECreateSTOProcedures.CreateSTOByMaker(ABECreateSTOProcedures.java:32)\r\n\tat tests.ABECreateSTOTest.CreateSTO(ABECreateSTOTest.java:72)\r\n\tat java.base/jdk.internal.reflect.NativeMethodAccessorImpl.invoke0(Native Method)\r\n\tat java.base/jdk.internal.reflect.NativeMethodAccessorImpl.invoke(NativeMethodAccessorImpl.java:77)\r\n\tat java.base/jdk.internal.reflect.DelegatingMethodAccessorImpl.invoke(DelegatingMethodAccessorImpl.java:43)\r\n\tat java.base/java.lang.reflect.Method.invoke(Method.java:568)\r\n\tat org.testng.internal.invokers.MethodInvocationHelper.invokeMethod(MethodInvocationHelper.java:139)\r\n\tat org.testng.internal.invokers.TestInvoker.invokeMethod(TestInvoker.java:664)\r\n\tat org.testng.internal.invokers.TestInvoker.invokeTestMethod(TestInvoker.java:227)\r\n\tat org.testng.internal.invokers.MethodRunner.runInSequence(MethodRunner.java:50)\r\n\tat org.testng.internal.invokers.TestInvoker$MethodInvocationAgent.invoke(TestInvoker.java:957)\r\n\tat org.testng.internal.invokers.TestInvoker.invokeTestMethods(TestInvoker.java:200)\r\n\tat org.testng.internal.invokers.TestMethodWorker.invokeTestMethods(TestMethodWorker.java:148)\r\n\tat org.testng.internal.invokers.TestMethodWorker.run(TestMethodWorker.java:128)\r\n\tat java.base/java.util.concurrent.ThreadPoolExecutor.runWorker(ThreadPoolExecutor.java:1136)\r\n\tat java.base/java.util.concurrent.ThreadPoolExecutor$Worker.run(ThreadPoolExecutor.java:635)\r\n\tat java.base/java.lang.Thread.run(Thread.java:833)\r\n"},"stage":"finished","steps":[{"name":"{testCaseId}","status":"broken","statusDetails":{"known":false,"muted":false,"flaky":false,"message":"Expected condition failed: waiting for element to be clickable: By.xpath: (//input[@id='_acct_balance_mnd_dtls$amt'])[1] (tried for 15 second(s) with 500 milliseconds interval)\nBuild info: version: '3.141.59', revision: 'e82be7d358', time: '2018-11-14T08:17:03'\nSystem info: host: 'F1TESTCORE13', ip: '10.10.23.233', os.name: 'Windows 10', os.arch: 'amd64', os.version: '10.0', java.version: '17.0.8'\nDriver info: org.openqa.selenium.remote.RemoteWebDriver\nCapabilities {acceptInsecureCerts: false, browserName: chrome, browserVersion: 90.0.4430.72, chrome: {chromedriverVersion: 90.0.4430.24 (4c6d850f087da..., userDataDir: C:\\Users\\IHAB~1.SAF\\AppData...}, goog:chromeOptions: {debuggerAddress: localhost:62922}, javascriptEnabled: true, networkConnectionEnabled: false, pageLoadStrategy: normal, platform: WINDOWS, platformName: WINDOWS, proxy: Proxy(), setWindowRect: true, strictFileInteractability: false, timeouts: {implicit: 0, pageLoad: 300000, script: 30000}, unhandledPromptBehavior: dismiss and notify, webauthn:extension:largeBlob: true, webauthn:virtualAuthenticators: true, webdriver.remote.sessionid: 26a5aebdd64432f531c7f4c3987...}\nSession ID: 26a5aebdd64432f531c7f4c39875252f","trace":"org.openqa.selenium.TimeoutException: Expected condition failed: waiting for element to be clickable: By.xpath: (//input[@id='_acct_balance_mnd_dtls$amt'])[1] (tried for 15 second(s) with 500 milliseconds interval)\nBuild info: version: '3.141.59', revision: 'e82be7d358', time: '2018-11-14T08:17:03'\nSystem info: host: 'F1TESTCORE13', ip: '10.10.23.233', os.name: 'Windows 10', os.arch: 'amd64', os.version: '10.0', java.version: '17.0.8'\nDriver info: org.openqa.selenium.remote.RemoteWebDriver\nCapabilities {acceptInsecureCerts: false, browserName: chrome, browserVersion: 90.0.4430.72, chrome: {chromedriverVersion: 90.0.4430.24 (4c6d850f087da..., userDataDir: C:\\Users\\IHAB~1.SAF\\AppData...}, goog:chromeOptions: {debuggerAddress: localhost:62922}, javascriptEnabled: true, networkConnectionEnabled: false, pageLoadStrategy: normal, platform: WINDOWS, platformName: WINDOWS, proxy: Proxy(), setWindowRect: true, strictFileInteractability: false, timeouts: {implicit: 0, pageLoad: 300000, script: 30000}, unhandledPromptBehavior: dismiss and notify, webauthn:extension:largeBlob: true, webauthn:virtualAuthenticators: true, webdriver.remote.sessionid: 26a5aebdd64432f531c7f4c3987...}\nSession ID: 26a5aebdd64432f531c7f4c39875252f\r\n\tat org.openqa.selenium.support.ui.WebDriverWait.timeoutException(WebDriverWait.java:95)\r\n\tat org.openqa.selenium.support.ui.FluentWait.until(FluentWait.java:272)\r\n\tat utils.PageFunctionUtils.enterDataInWebElement(PageFunctionUtils.java:43)\r\n\tat pageobjects.ABECreateSTOPage.sendAmountTypeDerivedSTO(ABECreateSTOPage.java:182)\r\n\tat procedures.ABECreateSTOProcedures.CreateSTOByMaker(ABECreateSTOProcedures.java:32)\r\n\tat tests.ABECreateSTOTest.CreateSTO(ABECreateSTOTest.java:72)\r\n\tat java.base/jdk.internal.reflect.NativeMethodAccessorImpl.invoke0(Native Method)\r\n\tat java.base/jdk.internal.reflect.NativeMethodAccessorImpl.invoke(NativeMethodAccessorImpl.java:77)\r\n\tat java.base/jdk.internal.reflect.DelegatingMethodAccessorImpl.invoke(DelegatingMethodAccessorImpl.java:43)\r\n\tat java.base/java.lang.reflect.Method.invoke(Method.java:568)\r\n\tat org.testng.internal.invokers.MethodInvocationHelper.invokeMethod(MethodInvocationHelper.java:139)\r\n\tat org.testng.internal.invokers.TestInvoker.invokeMethod(TestInvoker.java:664)\r\n\tat org.testng.internal.invokers.TestInvoker.invokeTestMethod(TestInvoker.java:227)\r\n\tat org.testng.internal.invokers.MethodRunner.runInSequence(MethodRunner.java:50)\r\n\tat org.testng.internal.invokers.TestInvoker$MethodInvocationAgent.invoke(TestInvoker.java:957)\r\n\tat org.testng.internal.invokers.TestInvoker.invokeTestMethods(TestInvoker.java:200)\r\n\tat org.testng.internal.invokers.TestMethodWorker.invokeTestMethods(TestMethodWorker.java:148)\r\n\tat org.testng.internal.invokers.TestMethodWorker.run(TestMethodWorker.java:128)\r\n\tat java.base/java.util.concurrent.ThreadPoolExecutor.runWorker(ThreadPoolExecutor.java:1136)\r\n\tat java.base/java.util.concurrent.ThreadPoolExecutor$Worker.run(ThreadPoolExecutor.java:635)\r\n\tat java.base/java.lang.Thread.run(Thread.java:833)\r\n"},"stage":"finished","steps":[{"name":"Sending menu name: MMSO","status":"passed","stage":"finished","steps":[],"attachments":[],"parameters":[{"name":"menu","value":"MMSO"}],"start":1698225329082,"stop":1698225342554},{"name":"Frame switching","status":"passed","stage":"finished","steps":[],"attachments":[],"parameters":[],"start":1698225342554,"stop":1698225351841},{"name":"Sending STO details: MANEXE","status":"passed","stage":"finished","steps":[],"attachments":[],"parameters":[{"name":"module","value":"MANEXE"}],"start":1698225351842,"stop":1698225352494},{"name":"Press Go button","status":"passed","stage":"finished","steps":[],"attachments":[],"parameters":[],"start":1698225352494,"stop":1698225352640},{"name":"Sending STO details: '10100227071002414","status":"passed","stage":"finished","steps":[],"attachments":[],"parameters":[{"name":"accSend","value":"'10100227071002414"},{"name":"ccy","value":"USD"},{"name":"paysys","value":"ACHUS"},{"name":"accRecv","value":"132456"},{"name":"nameRecv","value":"TEST"},{"name":"bankRecv","value":"'0056"},{"name":"branchRecv","value":"'0013"}],"start":1698225352641,"stop":1698225354225},{"name":"Select Amount type Derived: 200","status":"broken","statusDetails":{"known":false,"muted":false,"flaky":false,"message":"Expected condition failed: waiting for element to be clickable: By.xpath: (//input[@id='_acct_balance_mnd_dtls$amt'])[1] (tried for 15 second(s) with 500 milliseconds interval)\nBuild info: version: '3.141.59', revision: 'e82be7d358', time: '2018-11-14T08:17:03'\nSystem info: host: 'F1TESTCORE13', ip: '10.10.23.233', os.name: 'Windows 10', os.arch: 'amd64', os.version: '10.0', java.version: '17.0.8'\nDriver info: org.openqa.selenium.remote.RemoteWebDriver\nCapabilities {acceptInsecureCerts: false, browserName: chrome, browserVersion: 90.0.4430.72, chrome: {chromedriverVersion: 90.0.4430.24 (4c6d850f087da..., userDataDir: C:\\Users\\IHAB~1.SAF\\AppData...}, goog:chromeOptions: {debuggerAddress: localhost:62922}, javascriptEnabled: true, networkConnectionEnabled: false, pageLoadStrategy: normal, platform: WINDOWS, platformName: WINDOWS, proxy: Proxy(), setWindowRect: true, strictFileInteractability: false, timeouts: {implicit: 0, pageLoad: 300000, script: 30000}, unhandledPromptBehavior: dismiss and notify, webauthn:extension:largeBlob: true, webauthn:virtualAuthenticators: true, webdriver.remote.sessionid: 26a5aebdd64432f531c7f4c3987...}\nSession ID: 26a5aebdd64432f531c7f4c39875252f","trace":"org.openqa.selenium.TimeoutException: Expected condition failed: waiting for element to be clickable: By.xpath: (//input[@id='_acct_balance_mnd_dtls$amt'])[1] (tried for 15 second(s) with 500 milliseconds interval)\nBuild info: version: '3.141.59', revision: 'e82be7d358', time: '2018-11-14T08:17:03'\nSystem info: host: 'F1TESTCORE13', ip: '10.10.23.233', os.name: 'Windows 10', os.arch: 'amd64', os.version: '10.0', java.version: '17.0.8'\nDriver info: org.openqa.selenium.remote.RemoteWebDriver\nCapabilities {acceptInsecureCerts: false, browserName: chrome, browserVersion: 90.0.4430.72, chrome: {chromedriverVersion: 90.0.4430.24 (4c6d850f087da..., userDataDir: C:\\Users\\IHAB~1.SAF\\AppData...}, goog:chromeOptions: {debuggerAddress: localhost:62922}, javascriptEnabled: true, networkConnectionEnabled: false, pageLoadStrategy: normal, platform: WINDOWS, platformName: WINDOWS, proxy: Proxy(), setWindowRect: true, strictFileInteractability: false, timeouts: {implicit: 0, pageLoad: 300000, script: 30000}, unhandledPromptBehavior: dismiss and notify, webauthn:extension:largeBlob: true, webauthn:virtualAuthenticators: true, webdriver.remote.sessionid: 26a5aebdd64432f531c7f4c3987...}\nSession ID: 26a5aebdd64432f531c7f4c39875252f\r\n\tat org.openqa.selenium.support.ui.WebDriverWait.timeoutException(WebDriverWait.java:95)\r\n\tat org.openqa.selenium.support.ui.FluentWait.until(FluentWait.java:272)\r\n\tat utils.PageFunctionUtils.enterDataInWebElement(PageFunctionUtils.java:43)\r\n\tat pageobjects.ABECreateSTOPage.sendAmountTypeDerivedSTO(ABECreateSTOPage.java:182)\r\n\tat procedures.ABECreateSTOProcedures.CreateSTOByMaker(ABECreateSTOProcedures.java:32)\r\n\tat tests.ABECreateSTOTest.CreateSTO(ABECreateSTOTest.java:72)\r\n\tat java.base/jdk.internal.reflect.NativeMethodAccessorImpl.invoke0(Native Method)\r\n\tat java.base/jdk.internal.reflect.NativeMethodAccessorImpl.invoke(NativeMethodAccessorImpl.java:77)\r\n\tat java.base/jdk.internal.reflect.DelegatingMethodAccessorImpl.invoke(DelegatingMethodAccessorImpl.java:43)\r\n\tat java.base/java.lang.reflect.Method.invoke(Method.java:568)\r\n\tat org.testng.internal.invokers.MethodInvocationHelper.invokeMethod(MethodInvocationHelper.java:139)\r\n\tat org.testng.internal.invokers.TestInvoker.invokeMethod(TestInvoker.java:664)\r\n\tat org.testng.internal.invokers.TestInvoker.invokeTestMethod(TestInvoker.java:227)\r\n\tat org.testng.internal.invokers.MethodRunner.runInSequence(MethodRunner.java:50)\r\n\tat org.testng.internal.invokers.TestInvoker$MethodInvocationAgent.invoke(TestInvoker.java:957)\r\n\tat org.testng.internal.invokers.TestInvoker.invokeTestMethods(TestInvoker.java:200)\r\n\tat org.testng.internal.invokers.TestMethodWorker.invokeTestMethods(TestMethodWorker.java:148)\r\n\tat org.testng.internal.invokers.TestMethodWorker.run(TestMethodWorker.java:128)\r\n\tat java.base/java.util.concurrent.ThreadPoolExecutor.runWorker(ThreadPoolExecutor.java:1136)\r\n\tat java.base/java.util.concurrent.ThreadPoolExecutor$Worker.run(ThreadPoolExecutor.java:635)\r\n\tat java.base/java.lang.Thread.run(Thread.java:833)\r\n"},"stage":"finished","steps":[],"attachments":[],"parameters":[{"name":"accBalance","value":"200"},{"name":"amtInMulti","value":"10"},{"name":"startDate","value":"\"31/10/2023"},{"name":"noOfExe","value":"1"},{"name":"frequency","value":"Weekly"},{"name":"valueNday","value":"12"}],"start":1698225354226,"stop":1698225370102}],"attachments":[],"parameters":[{"name":"data","value":"ABECreateSTOData [tcId=FCB-1054, summary=Automation_Cycle1_CreateStandingOrder_Fixed_Monthly_Swift_USD_ByMaker_E1_ByMaker, username=QA49, password=Infy@123, Value_of_N=12, Preferred_PaySys_ID=ACHUS, menu=MMSO, Start_Date=\"31/10/2023, End_Date=null, moduleID=MANEXE, Maintenance_Charge_Event_ID=SO_FCY_PAY, Amount_Fixed=120, CCY=USD, No_Executed=1, Amount_Derived=200, Amount_Multiples_Derived=10, AmtType=Derived, Branch_BEN='0013, Bank_BEN='0056, Frequency=Weekly, OtherPartyName=TEST, AccountOtherParty=132456, Account='10100227071002414, expectedResult=The standing order is added successfully., Mandate_NO='AE174, linkedTcid=FCB-1055]"}],"start":1698225329069,"stop":1698225370103}],"attachments":[],"parameters":[{"name":"arg0","value":"ABECreateSTOData [tcId=FCB-1054, summary=Automation_Cycle1_CreateStandingOrder_Fixed_Monthly_Swift_USD_ByMaker_E1_ByMaker, username=QA49, password=Infy@123, Value_of_N=12, Preferred_PaySys_ID=ACHUS, menu=MMSO, Start_Date=\"31/10/2023, End_Date=null, moduleID=MANEXE, Maintenance_Charge_Event_ID=SO_FCY_PAY, Amount_Fixed=120, CCY=USD, No_Executed=1, Amount_Derived=200, Amount_Multiples_Derived=10, AmtType=Derived, Branch_BEN='0013, Bank_BEN='0056, Frequency=Weekly, OtherPartyName=TEST, AccountOtherParty=132456, Account='10100227071002414, expectedResult=The standing order is added successfully., Mandate_NO='AE174, linkedTcid=FCB-1055]"},{"name":"Data: ","value":"ABECreateSTOData [tcId=FCB-1054, summary=Automation_Cycle1_CreateStandingOrder_Fixed_Monthly_Swift_USD_ByMaker_E1_ByMaker, username=QA49, password=Infy@123, Value_of_N=12, Preferred_PaySys_ID=ACHUS, menu=MMSO, Start_Date=\"31/10/2023, End_Date=null, moduleID=MANEXE, Maintenance_Charge_Event_ID=SO_FCY_PAY, Amount_Fixed=120, CCY=USD, No_Executed=1, Amount_Derived=200, Amount_Multiples_Derived=10, AmtType=Derived, Branch_BEN='0013, Bank_BEN='0056, Frequency=Weekly, OtherPartyName=TEST, AccountOtherParty=132456, Account='10100227071002414, expectedResult=The standing order is added successfully., Mandate_NO='AE174, linkedTcid=FCB-1055]"}],"start":1698225329067,"stop":1698225370110}