{"uuid":"a758fa23-1156-4622-83fd-41e3e3321e47","historyId":"b5a5d9f9832ef2488363749cadd421c6","fullName":"tests.ABECreateSTOTest.CreateSTO","labels":[{"name":"package","value":"tests.ABECreateSTOTest"},{"name":"testClass","value":"tests.ABECreateSTOTest"},{"name":"testMethod","value":"CreateSTO"},{"name":"parentSuite","value":"Suite"},{"name":"suite","value":"ABE Create STO "},{"name":"subSuite","value":"tests.ABECreateSTOTest"},{"name":"host","value":"F1TestCore13"},{"name":"thread","value":"15088@F1TestCore13.TestNG-test=ABE Create STO -1(31)"},{"name":"framework","value":"testng"},{"name":"language","value":"java"}],"links":[],"name":"Test Case ID: FCB-1054","status":"broken","statusDetails":{"known":false,"muted":false,"flaky":false,"message":"Expected condition failed: waiting for element to be clickable: By.xpath: (//div[@id='uxEntityInfoBarPanel'])[1] (tried for 45 second(s) with 500 milliseconds interval)","trace":"org.openqa.selenium.TimeoutException: Expected condition failed: waiting for element to be clickable: By.xpath: (//div[@id='uxEntityInfoBarPanel'])[1] (tried for 45 second(s) with 500 milliseconds interval)\r\n\tat org.openqa.selenium.support.ui.WebDriverWait.timeoutException(WebDriverWait.java:95)\r\n\tat org.openqa.selenium.support.ui.FluentWait.until(FluentWait.java:272)\r\n\tat utils.PageFunctionUtils.clickOnElement(PageFunctionUtils.java:13)\r\n\tat pageobjects.ABECreateSTOPage.sendAmountTypeSTO(ABECreateSTOPage.java:161)\r\n\tat procedures.ABECreateSTOProcedures.CreateSTOByMaker(ABECreateSTOProcedures.java:15)\r\n\tat tests.ABECreateSTOTest.CreateSTO(ABECreateSTOTest.java:72)\r\n\tat java.base/jdk.internal.reflect.NativeMethodAccessorImpl.invoke0(Native Method)\r\n\tat java.base/jdk.internal.reflect.NativeMethodAccessorImpl.invoke(NativeMethodAccessorImpl.java:77)\r\n\tat java.base/jdk.internal.reflect.DelegatingMethodAccessorImpl.invoke(DelegatingMethodAccessorImpl.java:43)\r\n\tat java.base/java.lang.reflect.Method.invoke(Method.java:568)\r\n\tat org.testng.internal.invokers.MethodInvocationHelper.invokeMethod(MethodInvocationHelper.java:139)\r\n\tat org.testng.internal.invokers.TestInvoker.invokeMethod(TestInvoker.java:664)\r\n\tat org.testng.internal.invokers.TestInvoker.invokeTestMethod(TestInvoker.java:227)\r\n\tat org.testng.internal.invokers.MethodRunner.runInSequence(MethodRunner.java:50)\r\n\tat org.testng.internal.invokers.TestInvoker$MethodInvocationAgent.invoke(TestInvoker.java:957)\r\n\tat org.testng.internal.invokers.TestInvoker.invokeTestMethods(TestInvoker.java:200)\r\n\tat org.testng.internal.invokers.TestMethodWorker.invokeTestMethods(TestMethodWorker.java:148)\r\n\tat org.testng.internal.invokers.TestMethodWorker.run(TestMethodWorker.java:128)\r\n\tat java.base/java.util.concurrent.ThreadPoolExecutor.runWorker(ThreadPoolExecutor.java:1136)\r\n\tat java.base/java.util.concurrent.ThreadPoolExecutor$Worker.run(ThreadPoolExecutor.java:635)\r\n\tat java.base/java.lang.Thread.run(Thread.java:833)\r\nCaused by: org.openqa.selenium.NoSuchElementException: no such element: Unable to locate element: {\"method\":\"xpath\",\"selector\":\"(//div[@id='uxEntityInfoBarPanel'])[1]\"}\n  (Session info: chrome=90.0.4430.72)\nFor documentation on this error, please visit: https://www.seleniumhq.org/exceptions/no_such_element.html\nBuild info: version: '3.141.59', revision: 'e82be7d358', time: '2018-11-14T08:17:03'\nSystem info: host: 'F1TESTCORE13', ip: '10.10.23.233', os.name: 'Windows 10', os.arch: 'amd64', os.version: '10.0', java.version: '17.0.8'\nDriver info: org.openqa.selenium.remote.RemoteWebDriver\nCapabilities {acceptInsecureCerts: false, browserName: chrome, browserVersion: 90.0.4430.72, chrome: {chromedriverVersion: 90.0.4430.24 (4c6d850f087da..., userDataDir: C:\\Users\\IHAB~1.SAF\\AppData...}, goog:chromeOptions: {debuggerAddress: localhost:56141}, javascriptEnabled: true, networkConnectionEnabled: false, pageLoadStrategy: normal, platform: WINDOWS, platformName: WINDOWS, proxy: Proxy(), setWindowRect: true, strictFileInteractability: false, timeouts: {implicit: 0, pageLoad: 300000, script: 30000}, unhandledPromptBehavior: dismiss and notify, webauthn:extension:largeBlob: true, webauthn:virtualAuthenticators: true, webdriver.remote.sessionid: a073ca8e2cdd91f4af936c88c46...}\nSession ID: a073ca8e2cdd91f4af936c88c46c96ba\n*** Element info: {Using=xpath, value=(//div[@id='uxEntityInfoBarPanel'])[1]}\r\n\tat jdk.internal.reflect.GeneratedConstructorAccessor10.newInstance(Unknown Source)\r\n\tat java.base/jdk.internal.reflect.DelegatingConstructorAccessorImpl.newInstance(DelegatingConstructorAccessorImpl.java:45)\r\n\tat java.base/java.lang.reflect.Constructor.newInstanceWithCaller(Constructor.java:499)\r\n\tat java.base/java.lang.reflect.Constructor.newInstance(Constructor.java:480)\r\n\tat org.openqa.selenium.remote.http.W3CHttpResponseCodec.createException(W3CHttpResponseCodec.java:187)\r\n\tat org.openqa.selenium.remote.http.W3CHttpResponseCodec.decode(W3CHttpResponseCodec.java:122)\r\n\tat org.openqa.selenium.remote.http.W3CHttpResponseCodec.decode(W3CHttpResponseCodec.java:49)\r\n\tat org.openqa.selenium.remote.HttpCommandExecutor.execute(HttpCommandExecutor.java:158)\r\n\tat org.openqa.selenium.remote.RemoteWebDriver.execute(RemoteWebDriver.java:552)\r\n\tat org.openqa.selenium.remote.RemoteWebDriver.findElement(RemoteWebDriver.java:323)\r\n\tat org.openqa.selenium.remote.RemoteWebDriver.findElementByXPath(RemoteWebDriver.java:428)\r\n\tat org.openqa.selenium.By$ByXPath.findElement(By.java:353)\r\n\tat org.openqa.selenium.remote.RemoteWebDriver.findElement(RemoteWebDriver.java:315)\r\n\tat org.openqa.selenium.support.ui.ExpectedConditions$7.apply(ExpectedConditions.java:205)\r\n\tat org.openqa.selenium.support.ui.ExpectedConditions$7.apply(ExpectedConditions.java:201)\r\n\tat org.openqa.selenium.support.ui.ExpectedConditions$22.apply(ExpectedConditions.java:641)\r\n\tat org.openqa.selenium.support.ui.ExpectedConditions$22.apply(ExpectedConditions.java:638)\r\n\tat org.openqa.selenium.support.ui.FluentWait.until(FluentWait.java:249)\r\n\t... 19 more\r\n"},"stage":"finished","steps":[{"name":"{testCaseId}","status":"broken","statusDetails":{"known":false,"muted":false,"flaky":false,"message":"Expected condition failed: waiting for element to be clickable: By.xpath: (//div[@id='uxEntityInfoBarPanel'])[1] (tried for 45 second(s) with 500 milliseconds interval)","trace":"org.openqa.selenium.TimeoutException: Expected condition failed: waiting for element to be clickable: By.xpath: (//div[@id='uxEntityInfoBarPanel'])[1] (tried for 45 second(s) with 500 milliseconds interval)\r\n\tat org.openqa.selenium.support.ui.WebDriverWait.timeoutException(WebDriverWait.java:95)\r\n\tat org.openqa.selenium.support.ui.FluentWait.until(FluentWait.java:272)\r\n\tat utils.PageFunctionUtils.clickOnElement(PageFunctionUtils.java:13)\r\n\tat pageobjects.ABECreateSTOPage.sendAmountTypeSTO(ABECreateSTOPage.java:161)\r\n\tat procedures.ABECreateSTOProcedures.CreateSTOByMaker(ABECreateSTOProcedures.java:15)\r\n\tat tests.ABECreateSTOTest.CreateSTO(ABECreateSTOTest.java:72)\r\n\tat java.base/jdk.internal.reflect.NativeMethodAccessorImpl.invoke0(Native Method)\r\n\tat java.base/jdk.internal.reflect.NativeMethodAccessorImpl.invoke(NativeMethodAccessorImpl.java:77)\r\n\tat java.base/jdk.internal.reflect.DelegatingMethodAccessorImpl.invoke(DelegatingMethodAccessorImpl.java:43)\r\n\tat java.base/java.lang.reflect.Method.invoke(Method.java:568)\r\n\tat org.testng.internal.invokers.MethodInvocationHelper.invokeMethod(MethodInvocationHelper.java:139)\r\n\tat org.testng.internal.invokers.TestInvoker.invokeMethod(TestInvoker.java:664)\r\n\tat org.testng.internal.invokers.TestInvoker.invokeTestMethod(TestInvoker.java:227)\r\n\tat org.testng.internal.invokers.MethodRunner.runInSequence(MethodRunner.java:50)\r\n\tat org.testng.internal.invokers.TestInvoker$MethodInvocationAgent.invoke(TestInvoker.java:957)\r\n\tat org.testng.internal.invokers.TestInvoker.invokeTestMethods(TestInvoker.java:200)\r\n\tat org.testng.internal.invokers.TestMethodWorker.invokeTestMethods(TestMethodWorker.java:148)\r\n\tat org.testng.internal.invokers.TestMethodWorker.run(TestMethodWorker.java:128)\r\n\tat java.base/java.util.concurrent.ThreadPoolExecutor.runWorker(ThreadPoolExecutor.java:1136)\r\n\tat java.base/java.util.concurrent.ThreadPoolExecutor$Worker.run(ThreadPoolExecutor.java:635)\r\n\tat java.base/java.lang.Thread.run(Thread.java:833)\r\nCaused by: org.openqa.selenium.NoSuchElementException: no such element: Unable to locate element: {\"method\":\"xpath\",\"selector\":\"(//div[@id='uxEntityInfoBarPanel'])[1]\"}\n  (Session info: chrome=90.0.4430.72)\nFor documentation on this error, please visit: https://www.seleniumhq.org/exceptions/no_such_element.html\nBuild info: version: '3.141.59', revision: 'e82be7d358', time: '2018-11-14T08:17:03'\nSystem info: host: 'F1TESTCORE13', ip: '10.10.23.233', os.name: 'Windows 10', os.arch: 'amd64', os.version: '10.0', java.version: '17.0.8'\nDriver info: org.openqa.selenium.remote.RemoteWebDriver\nCapabilities {acceptInsecureCerts: false, browserName: chrome, browserVersion: 90.0.4430.72, chrome: {chromedriverVersion: 90.0.4430.24 (4c6d850f087da..., userDataDir: C:\\Users\\IHAB~1.SAF\\AppData...}, goog:chromeOptions: {debuggerAddress: localhost:56141}, javascriptEnabled: true, networkConnectionEnabled: false, pageLoadStrategy: normal, platform: WINDOWS, platformName: WINDOWS, proxy: Proxy(), setWindowRect: true, strictFileInteractability: false, timeouts: {implicit: 0, pageLoad: 300000, script: 30000}, unhandledPromptBehavior: dismiss and notify, webauthn:extension:largeBlob: true, webauthn:virtualAuthenticators: true, webdriver.remote.sessionid: a073ca8e2cdd91f4af936c88c46...}\nSession ID: a073ca8e2cdd91f4af936c88c46c96ba\n*** Element info: {Using=xpath, value=(//div[@id='uxEntityInfoBarPanel'])[1]}\r\n\tat jdk.internal.reflect.GeneratedConstructorAccessor10.newInstance(Unknown Source)\r\n\tat java.base/jdk.internal.reflect.DelegatingConstructorAccessorImpl.newInstance(DelegatingConstructorAccessorImpl.java:45)\r\n\tat java.base/java.lang.reflect.Constructor.newInstanceWithCaller(Constructor.java:499)\r\n\tat java.base/java.lang.reflect.Constructor.newInstance(Constructor.java:480)\r\n\tat org.openqa.selenium.remote.http.W3CHttpResponseCodec.createException(W3CHttpResponseCodec.java:187)\r\n\tat org.openqa.selenium.remote.http.W3CHttpResponseCodec.decode(W3CHttpResponseCodec.java:122)\r\n\tat org.openqa.selenium.remote.http.W3CHttpResponseCodec.decode(W3CHttpResponseCodec.java:49)\r\n\tat org.openqa.selenium.remote.HttpCommandExecutor.execute(HttpCommandExecutor.java:158)\r\n\tat org.openqa.selenium.remote.RemoteWebDriver.execute(RemoteWebDriver.java:552)\r\n\tat org.openqa.selenium.remote.RemoteWebDriver.findElement(RemoteWebDriver.java:323)\r\n\tat org.openqa.selenium.remote.RemoteWebDriver.findElementByXPath(RemoteWebDriver.java:428)\r\n\tat org.openqa.selenium.By$ByXPath.findElement(By.java:353)\r\n\tat org.openqa.selenium.remote.RemoteWebDriver.findElement(RemoteWebDriver.java:315)\r\n\tat org.openqa.selenium.support.ui.ExpectedConditions$7.apply(ExpectedConditions.java:205)\r\n\tat org.openqa.selenium.support.ui.ExpectedConditions$7.apply(ExpectedConditions.java:201)\r\n\tat org.openqa.selenium.support.ui.ExpectedConditions$22.apply(ExpectedConditions.java:641)\r\n\tat org.openqa.selenium.support.ui.ExpectedConditions$22.apply(ExpectedConditions.java:638)\r\n\tat org.openqa.selenium.support.ui.FluentWait.until(FluentWait.java:249)\r\n\t... 19 more\r\n"},"stage":"finished","steps":[{"name":"Sending menu name: MMSO","status":"passed","stage":"finished","steps":[],"attachments":[],"parameters":[{"name":"menu","value":"MMSO"}],"start":1698154326213,"stop":1698154340068},{"name":"Frame switching","status":"passed","stage":"finished","steps":[],"attachments":[],"parameters":[],"start":1698154340069,"stop":1698154349341},{"name":"Sending STO details: MANEXE","status":"passed","stage":"finished","steps":[],"attachments":[],"parameters":[{"name":"module","value":"MANEXE"}],"start":1698154349342,"stop":1698154349953},{"name":"Press Go button","status":"passed","stage":"finished","steps":[],"attachments":[],"parameters":[],"start":1698154349953,"stop":1698154350108},{"name":"Select Amount type: Fixed","status":"broken","statusDetails":{"known":false,"muted":false,"flaky":false,"message":"Expected condition failed: waiting for element to be clickable: By.xpath: (//div[@id='uxEntityInfoBarPanel'])[1] (tried for 45 second(s) with 500 milliseconds interval)","trace":"org.openqa.selenium.TimeoutException: Expected condition failed: waiting for element to be clickable: By.xpath: (//div[@id='uxEntityInfoBarPanel'])[1] (tried for 45 second(s) with 500 milliseconds interval)\r\n\tat org.openqa.selenium.support.ui.WebDriverWait.timeoutException(WebDriverWait.java:95)\r\n\tat org.openqa.selenium.support.ui.FluentWait.until(FluentWait.java:272)\r\n\tat utils.PageFunctionUtils.clickOnElement(PageFunctionUtils.java:13)\r\n\tat pageobjects.ABECreateSTOPage.sendAmountTypeSTO(ABECreateSTOPage.java:161)\r\n\tat procedures.ABECreateSTOProcedures.CreateSTOByMaker(ABECreateSTOProcedures.java:15)\r\n\tat tests.ABECreateSTOTest.CreateSTO(ABECreateSTOTest.java:72)\r\n\tat java.base/jdk.internal.reflect.NativeMethodAccessorImpl.invoke0(Native Method)\r\n\tat java.base/jdk.internal.reflect.NativeMethodAccessorImpl.invoke(NativeMethodAccessorImpl.java:77)\r\n\tat java.base/jdk.internal.reflect.DelegatingMethodAccessorImpl.invoke(DelegatingMethodAccessorImpl.java:43)\r\n\tat java.base/java.lang.reflect.Method.invoke(Method.java:568)\r\n\tat org.testng.internal.invokers.MethodInvocationHelper.invokeMethod(MethodInvocationHelper.java:139)\r\n\tat org.testng.internal.invokers.TestInvoker.invokeMethod(TestInvoker.java:664)\r\n\tat org.testng.internal.invokers.TestInvoker.invokeTestMethod(TestInvoker.java:227)\r\n\tat org.testng.internal.invokers.MethodRunner.runInSequence(MethodRunner.java:50)\r\n\tat org.testng.internal.invokers.TestInvoker$MethodInvocationAgent.invoke(TestInvoker.java:957)\r\n\tat org.testng.internal.invokers.TestInvoker.invokeTestMethods(TestInvoker.java:200)\r\n\tat org.testng.internal.invokers.TestMethodWorker.invokeTestMethods(TestMethodWorker.java:148)\r\n\tat org.testng.internal.invokers.TestMethodWorker.run(TestMethodWorker.java:128)\r\n\tat java.base/java.util.concurrent.ThreadPoolExecutor.runWorker(ThreadPoolExecutor.java:1136)\r\n\tat java.base/java.util.concurrent.ThreadPoolExecutor$Worker.run(ThreadPoolExecutor.java:635)\r\n\tat java.base/java.lang.Thread.run(Thread.java:833)\r\nCaused by: org.openqa.selenium.NoSuchElementException: no such element: Unable to locate element: {\"method\":\"xpath\",\"selector\":\"(//div[@id='uxEntityInfoBarPanel'])[1]\"}\n  (Session info: chrome=90.0.4430.72)\nFor documentation on this error, please visit: https://www.seleniumhq.org/exceptions/no_such_element.html\nBuild info: version: '3.141.59', revision: 'e82be7d358', time: '2018-11-14T08:17:03'\nSystem info: host: 'F1TESTCORE13', ip: '10.10.23.233', os.name: 'Windows 10', os.arch: 'amd64', os.version: '10.0', java.version: '17.0.8'\nDriver info: org.openqa.selenium.remote.RemoteWebDriver\nCapabilities {acceptInsecureCerts: false, browserName: chrome, browserVersion: 90.0.4430.72, chrome: {chromedriverVersion: 90.0.4430.24 (4c6d850f087da..., userDataDir: C:\\Users\\IHAB~1.SAF\\AppData...}, goog:chromeOptions: {debuggerAddress: localhost:56141}, javascriptEnabled: true, networkConnectionEnabled: false, pageLoadStrategy: normal, platform: WINDOWS, platformName: WINDOWS, proxy: Proxy(), setWindowRect: true, strictFileInteractability: false, timeouts: {implicit: 0, pageLoad: 300000, script: 30000}, unhandledPromptBehavior: dismiss and notify, webauthn:extension:largeBlob: true, webauthn:virtualAuthenticators: true, webdriver.remote.sessionid: a073ca8e2cdd91f4af936c88c46...}\nSession ID: a073ca8e2cdd91f4af936c88c46c96ba\n*** Element info: {Using=xpath, value=(//div[@id='uxEntityInfoBarPanel'])[1]}\r\n\tat jdk.internal.reflect.GeneratedConstructorAccessor10.newInstance(Unknown Source)\r\n\tat java.base/jdk.internal.reflect.DelegatingConstructorAccessorImpl.newInstance(DelegatingConstructorAccessorImpl.java:45)\r\n\tat java.base/java.lang.reflect.Constructor.newInstanceWithCaller(Constructor.java:499)\r\n\tat java.base/java.lang.reflect.Constructor.newInstance(Constructor.java:480)\r\n\tat org.openqa.selenium.remote.http.W3CHttpResponseCodec.createException(W3CHttpResponseCodec.java:187)\r\n\tat org.openqa.selenium.remote.http.W3CHttpResponseCodec.decode(W3CHttpResponseCodec.java:122)\r\n\tat org.openqa.selenium.remote.http.W3CHttpResponseCodec.decode(W3CHttpResponseCodec.java:49)\r\n\tat org.openqa.selenium.remote.HttpCommandExecutor.execute(HttpCommandExecutor.java:158)\r\n\tat org.openqa.selenium.remote.RemoteWebDriver.execute(RemoteWebDriver.java:552)\r\n\tat org.openqa.selenium.remote.RemoteWebDriver.findElement(RemoteWebDriver.java:323)\r\n\tat org.openqa.selenium.remote.RemoteWebDriver.findElementByXPath(RemoteWebDriver.java:428)\r\n\tat org.openqa.selenium.By$ByXPath.findElement(By.java:353)\r\n\tat org.openqa.selenium.remote.RemoteWebDriver.findElement(RemoteWebDriver.java:315)\r\n\tat org.openqa.selenium.support.ui.ExpectedConditions$7.apply(ExpectedConditions.java:205)\r\n\tat org.openqa.selenium.support.ui.ExpectedConditions$7.apply(ExpectedConditions.java:201)\r\n\tat org.openqa.selenium.support.ui.ExpectedConditions$22.apply(ExpectedConditions.java:641)\r\n\tat org.openqa.selenium.support.ui.ExpectedConditions$22.apply(ExpectedConditions.java:638)\r\n\tat org.openqa.selenium.support.ui.FluentWait.until(FluentWait.java:249)\r\n\t... 19 more\r\n"},"stage":"finished","steps":[],"attachments":[],"parameters":[{"name":"amtType","value":"Fixed"},{"name":"amtFixed","value":"120"},{"name":"startDate","value":"\"24/10/2023"},{"name":"noOfExe","value":"1"},{"name":"frequency","value":"Daily"},{"name":"chargeEvent","value":"SO_FCY_PAY"},{"name":"amtInMulti","value":"10"},{"name":"accBalance","value":"null"},{"name":"valueNday","value":"12"}],"start":1698154350108,"stop":1698154396435}],"attachments":[],"parameters":[{"name":"data","value":"ABECreateSTOData [tcId=FCB-1054, summary=Automation_Cycle1_CreateStandingOrder_Fixed_Monthly_Swift_USD_ByMaker_E1_ByMaker, username=QA49, password=Infy@123, Value_of_N=12, Preferred_PaySys_ID=ACHUS, menu=MMSO, Start_Date=\"24/10/2023, End_Date=null, moduleID=MANEXE, Maintenance_Charge_Event_ID=SO_FCY_PAY, Amount_Fixed=120, CCY=USD, No_Executed=1, Amount_Derived=null, Amount_Multiples_Derived=10, AmtType=Fixed, Branch_BEN='0013, Bank_BEN='0056, Frequency=Daily, OtherPartyName=TEST, AccountOtherParty=132456, Account='10100227071002414, expectedResult=The standing order is added successfully., Mandate_NO=null, linkedTcid=FCB-1055]"}],"start":1698154326201,"stop":1698154396436}],"attachments":[],"parameters":[{"name":"arg0","value":"ABECreateSTOData [tcId=FCB-1054, summary=Automation_Cycle1_CreateStandingOrder_Fixed_Monthly_Swift_USD_ByMaker_E1_ByMaker, username=QA49, password=Infy@123, Value_of_N=12, Preferred_PaySys_ID=ACHUS, menu=MMSO, Start_Date=\"24/10/2023, End_Date=null, moduleID=MANEXE, Maintenance_Charge_Event_ID=SO_FCY_PAY, Amount_Fixed=120, CCY=USD, No_Executed=1, Amount_Derived=null, Amount_Multiples_Derived=10, AmtType=Fixed, Branch_BEN='0013, Bank_BEN='0056, Frequency=Daily, OtherPartyName=TEST, AccountOtherParty=132456, Account='10100227071002414, expectedResult=The standing order is added successfully., Mandate_NO=null, linkedTcid=FCB-1055]"},{"name":"Data: ","value":"ABECreateSTOData [tcId=FCB-1054, summary=Automation_Cycle1_CreateStandingOrder_Fixed_Monthly_Swift_USD_ByMaker_E1_ByMaker, username=QA49, password=Infy@123, Value_of_N=12, Preferred_PaySys_ID=ACHUS, menu=MMSO, Start_Date=\"24/10/2023, End_Date=null, moduleID=MANEXE, Maintenance_Charge_Event_ID=SO_FCY_PAY, Amount_Fixed=120, CCY=USD, No_Executed=1, Amount_Derived=null, Amount_Multiples_Derived=10, AmtType=Fixed, Branch_BEN='0013, Bank_BEN='0056, Frequency=Daily, OtherPartyName=TEST, AccountOtherParty=132456, Account='10100227071002414, expectedResult=The standing order is added successfully., Mandate_NO=null, linkedTcid=FCB-1055]"}],"start":1698154326199,"stop":1698154396442}