{"uuid":"b2033e75-15ef-45c3-b4af-c833e1914301","historyId":"205b19d941b68b094dd1dab55241a260","fullName":"tests.TradeFinanceImportBillsLodgeTest.ABE_Lodge","labels":[{"name":"package","value":"tests.TradeFinanceImportBillsLodgeTest"},{"name":"testClass","value":"tests.TradeFinanceImportBillsLodgeTest"},{"name":"testMethod","value":"ABE_Lodge"},{"name":"parentSuite","value":"Import Bills"},{"name":"suite","value":"Import Bills"},{"name":"subSuite","value":"tests.TradeFinanceImportBillsLodgeTest"},{"name":"host","value":"F1Team04"},{"name":"thread","value":"8180@F1Team04.TestNG-suites-1(28)"},{"name":"framework","value":"testng"},{"name":"language","value":"java"}],"links":[],"name":"Test Case ID: FCB-6948","status":"broken","statusDetails":{"known":false,"muted":false,"flaky":false,"message":"Expected condition failed: waiting for frame to be available: By.xpath: //iframe[@name='formArea'] (tried for 55 second(s) with 500 milliseconds interval)","trace":"org.openqa.selenium.TimeoutException: Expected condition failed: waiting for frame to be available: By.xpath: //iframe[@name='formArea'] (tried for 55 second(s) with 500 milliseconds interval)\r\n\tat org.openqa.selenium.support.ui.WebDriverWait.timeoutException(WebDriverWait.java:95)\r\n\tat org.openqa.selenium.support.ui.FluentWait.until(FluentWait.java:272)\r\n\tat utils.PageFunctionUtils.waitOnFrameAndSwitchXpath(PageFunctionUtils.java:62)\r\n\tat pageobjects.TradeFinanceImportBillsLodgePage.switchFormAreaFrame(TradeFinanceImportBillsLodgePage.java:101)\r\n\tat procedures.TradeFinanceImportBillsLodgeProcedures.TradeFinanceImportBillsLodge(TradeFinanceImportBillsLodgeProcedures.java:15)\r\n\tat tests.TradeFinanceImportBillsLodgeTest.ABE_Lodge(TradeFinanceImportBillsLodgeTest.java:70)\r\n\tat java.base/jdk.internal.reflect.NativeMethodAccessorImpl.invoke0(Native Method)\r\n\tat java.base/jdk.internal.reflect.NativeMethodAccessorImpl.invoke(NativeMethodAccessorImpl.java:77)\r\n\tat java.base/jdk.internal.reflect.DelegatingMethodAccessorImpl.invoke(DelegatingMethodAccessorImpl.java:43)\r\n\tat java.base/java.lang.reflect.Method.invoke(Method.java:568)\r\n\tat org.testng.internal.invokers.MethodInvocationHelper.invokeMethod(MethodInvocationHelper.java:139)\r\n\tat org.testng.internal.invokers.TestInvoker.invokeMethod(TestInvoker.java:664)\r\n\tat org.testng.internal.invokers.TestInvoker.invokeTestMethod(TestInvoker.java:227)\r\n\tat org.testng.internal.invokers.MethodRunner.runInSequence(MethodRunner.java:50)\r\n\tat org.testng.internal.invokers.TestInvoker$MethodInvocationAgent.invoke(TestInvoker.java:957)\r\n\tat org.testng.internal.invokers.TestInvoker.invokeTestMethods(TestInvoker.java:200)\r\n\tat org.testng.internal.invokers.TestMethodWorker.invokeTestMethods(TestMethodWorker.java:148)\r\n\tat org.testng.internal.invokers.TestMethodWorker.run(TestMethodWorker.java:128)\r\n\tat java.base/java.util.ArrayList.forEach(ArrayList.java:1511)\r\n\tat org.testng.TestRunner.privateRun(TestRunner.java:848)\r\n\tat org.testng.TestRunner.run(TestRunner.java:621)\r\n\tat org.testng.SuiteRunner.runTest(SuiteRunner.java:443)\r\n\tat org.testng.SuiteRunner.runSequentially(SuiteRunner.java:437)\r\n\tat org.testng.SuiteRunner.privateRun(SuiteRunner.java:397)\r\n\tat org.testng.SuiteRunner.run(SuiteRunner.java:336)\r\n\tat org.testng.SuiteRunnerWorker.runSuite(SuiteRunnerWorker.java:52)\r\n\tat org.testng.SuiteRunnerWorker.run(SuiteRunnerWorker.java:95)\r\n\tat java.base/java.util.concurrent.ThreadPoolExecutor.runWorker(ThreadPoolExecutor.java:1136)\r\n\tat java.base/java.util.concurrent.ThreadPoolExecutor$Worker.run(ThreadPoolExecutor.java:635)\r\n\tat java.base/java.lang.Thread.run(Thread.java:833)\r\nCaused by: org.openqa.selenium.NoSuchElementException: no such element: Unable to locate element: {\"method\":\"xpath\",\"selector\":\"//iframe[@name='formArea']\"}\n  (Session info: chrome=90.0.4430.72)\nFor documentation on this error, please visit: https://www.seleniumhq.org/exceptions/no_such_element.html\nBuild info: version: '3.141.59', revision: 'e82be7d358', time: '2018-11-14T08:17:03'\nSystem info: host: 'F1TEAM04', ip: '10.10.23.215', os.name: 'Windows 10', os.arch: 'amd64', os.version: '10.0', java.version: '17.0.8'\nDriver info: org.openqa.selenium.remote.RemoteWebDriver\nCapabilities {acceptInsecureCerts: false, browserName: chrome, browserVersion: 90.0.4430.72, chrome: {chromedriverVersion: 90.0.4430.24 (4c6d850f087da..., userDataDir: C:\\Users\\PAKINA~1.HUS\\AppDa...}, goog:chromeOptions: {debuggerAddress: localhost:55352}, javascriptEnabled: true, networkConnectionEnabled: false, pageLoadStrategy: normal, platform: WINDOWS, platformName: WINDOWS, proxy: Proxy(), setWindowRect: true, strictFileInteractability: false, timeouts: {implicit: 0, pageLoad: 300000, script: 30000}, unhandledPromptBehavior: dismiss and notify, webauthn:extension:largeBlob: true, webauthn:virtualAuthenticators: true, webdriver.remote.sessionid: 69fe1a819789fe730e5744e1538...}\nSession ID: 69fe1a819789fe730e5744e153817251\n*** Element info: {Using=xpath, value=//iframe[@name='formArea']}\r\n\tat jdk.internal.reflect.GeneratedConstructorAccessor11.newInstance(Unknown Source)\r\n\tat java.base/jdk.internal.reflect.DelegatingConstructorAccessorImpl.newInstance(DelegatingConstructorAccessorImpl.java:45)\r\n\tat java.base/java.lang.reflect.Constructor.newInstanceWithCaller(Constructor.java:499)\r\n\tat java.base/java.lang.reflect.Constructor.newInstance(Constructor.java:480)\r\n\tat org.openqa.selenium.remote.http.W3CHttpResponseCodec.createException(W3CHttpResponseCodec.java:187)\r\n\tat org.openqa.selenium.remote.http.W3CHttpResponseCodec.decode(W3CHttpResponseCodec.java:122)\r\n\tat org.openqa.selenium.remote.http.W3CHttpResponseCodec.decode(W3CHttpResponseCodec.java:49)\r\n\tat org.openqa.selenium.remote.HttpCommandExecutor.execute(HttpCommandExecutor.java:158)\r\n\tat org.openqa.selenium.remote.RemoteWebDriver.execute(RemoteWebDriver.java:552)\r\n\tat org.openqa.selenium.remote.RemoteWebDriver.findElement(RemoteWebDriver.java:323)\r\n\tat org.openqa.selenium.remote.RemoteWebDriver.findElementByXPath(RemoteWebDriver.java:428)\r\n\tat org.openqa.selenium.By$ByXPath.findElement(By.java:353)\r\n\tat org.openqa.selenium.remote.RemoteWebDriver.findElement(RemoteWebDriver.java:315)\r\n\tat org.openqa.selenium.support.ui.ExpectedConditions$17.apply(ExpectedConditions.java:501)\r\n\tat org.openqa.selenium.support.ui.ExpectedConditions$17.apply(ExpectedConditions.java:497)\r\n\tat org.openqa.selenium.support.ui.FluentWait.until(FluentWait.java:249)\r\n\t... 28 more\r\n"},"stage":"finished","steps":[{"name":"Sending menu name: LIIB","status":"passed","stage":"finished","steps":[],"attachments":[],"parameters":[{"name":"menu","value":"LIIB"}],"start":1700475750726,"stop":1700475764673},{"name":"Frame switching","status":"broken","statusDetails":{"known":false,"muted":false,"flaky":false,"message":"Expected condition failed: waiting for frame to be available: By.xpath: //iframe[@name='formArea'] (tried for 55 second(s) with 500 milliseconds interval)","trace":"org.openqa.selenium.TimeoutException: Expected condition failed: waiting for frame to be available: By.xpath: //iframe[@name='formArea'] (tried for 55 second(s) with 500 milliseconds interval)\r\n\tat org.openqa.selenium.support.ui.WebDriverWait.timeoutException(WebDriverWait.java:95)\r\n\tat org.openqa.selenium.support.ui.FluentWait.until(FluentWait.java:272)\r\n\tat utils.PageFunctionUtils.waitOnFrameAndSwitchXpath(PageFunctionUtils.java:62)\r\n\tat pageobjects.TradeFinanceImportBillsLodgePage.switchFormAreaFrame(TradeFinanceImportBillsLodgePage.java:101)\r\n\tat procedures.TradeFinanceImportBillsLodgeProcedures.TradeFinanceImportBillsLodge(TradeFinanceImportBillsLodgeProcedures.java:15)\r\n\tat tests.TradeFinanceImportBillsLodgeTest.ABE_Lodge(TradeFinanceImportBillsLodgeTest.java:70)\r\n\tat java.base/jdk.internal.reflect.NativeMethodAccessorImpl.invoke0(Native Method)\r\n\tat java.base/jdk.internal.reflect.NativeMethodAccessorImpl.invoke(NativeMethodAccessorImpl.java:77)\r\n\tat java.base/jdk.internal.reflect.DelegatingMethodAccessorImpl.invoke(DelegatingMethodAccessorImpl.java:43)\r\n\tat java.base/java.lang.reflect.Method.invoke(Method.java:568)\r\n\tat org.testng.internal.invokers.MethodInvocationHelper.invokeMethod(MethodInvocationHelper.java:139)\r\n\tat org.testng.internal.invokers.TestInvoker.invokeMethod(TestInvoker.java:664)\r\n\tat org.testng.internal.invokers.TestInvoker.invokeTestMethod(TestInvoker.java:227)\r\n\tat org.testng.internal.invokers.MethodRunner.runInSequence(MethodRunner.java:50)\r\n\tat org.testng.internal.invokers.TestInvoker$MethodInvocationAgent.invoke(TestInvoker.java:957)\r\n\tat org.testng.internal.invokers.TestInvoker.invokeTestMethods(TestInvoker.java:200)\r\n\tat org.testng.internal.invokers.TestMethodWorker.invokeTestMethods(TestMethodWorker.java:148)\r\n\tat org.testng.internal.invokers.TestMethodWorker.run(TestMethodWorker.java:128)\r\n\tat java.base/java.util.ArrayList.forEach(ArrayList.java:1511)\r\n\tat org.testng.TestRunner.privateRun(TestRunner.java:848)\r\n\tat org.testng.TestRunner.run(TestRunner.java:621)\r\n\tat org.testng.SuiteRunner.runTest(SuiteRunner.java:443)\r\n\tat org.testng.SuiteRunner.runSequentially(SuiteRunner.java:437)\r\n\tat org.testng.SuiteRunner.privateRun(SuiteRunner.java:397)\r\n\tat org.testng.SuiteRunner.run(SuiteRunner.java:336)\r\n\tat org.testng.SuiteRunnerWorker.runSuite(SuiteRunnerWorker.java:52)\r\n\tat org.testng.SuiteRunnerWorker.run(SuiteRunnerWorker.java:95)\r\n\tat java.base/java.util.concurrent.ThreadPoolExecutor.runWorker(ThreadPoolExecutor.java:1136)\r\n\tat java.base/java.util.concurrent.ThreadPoolExecutor$Worker.run(ThreadPoolExecutor.java:635)\r\n\tat java.base/java.lang.Thread.run(Thread.java:833)\r\nCaused by: org.openqa.selenium.NoSuchElementException: no such element: Unable to locate element: {\"method\":\"xpath\",\"selector\":\"//iframe[@name='formArea']\"}\n  (Session info: chrome=90.0.4430.72)\nFor documentation on this error, please visit: https://www.seleniumhq.org/exceptions/no_such_element.html\nBuild info: version: '3.141.59', revision: 'e82be7d358', time: '2018-11-14T08:17:03'\nSystem info: host: 'F1TEAM04', ip: '10.10.23.215', os.name: 'Windows 10', os.arch: 'amd64', os.version: '10.0', java.version: '17.0.8'\nDriver info: org.openqa.selenium.remote.RemoteWebDriver\nCapabilities {acceptInsecureCerts: false, browserName: chrome, browserVersion: 90.0.4430.72, chrome: {chromedriverVersion: 90.0.4430.24 (4c6d850f087da..., userDataDir: C:\\Users\\PAKINA~1.HUS\\AppDa...}, goog:chromeOptions: {debuggerAddress: localhost:55352}, javascriptEnabled: true, networkConnectionEnabled: false, pageLoadStrategy: normal, platform: WINDOWS, platformName: WINDOWS, proxy: Proxy(), setWindowRect: true, strictFileInteractability: false, timeouts: {implicit: 0, pageLoad: 300000, script: 30000}, unhandledPromptBehavior: dismiss and notify, webauthn:extension:largeBlob: true, webauthn:virtualAuthenticators: true, webdriver.remote.sessionid: 69fe1a819789fe730e5744e1538...}\nSession ID: 69fe1a819789fe730e5744e153817251\n*** Element info: {Using=xpath, value=//iframe[@name='formArea']}\r\n\tat jdk.internal.reflect.GeneratedConstructorAccessor11.newInstance(Unknown Source)\r\n\tat java.base/jdk.internal.reflect.DelegatingConstructorAccessorImpl.newInstance(DelegatingConstructorAccessorImpl.java:45)\r\n\tat java.base/java.lang.reflect.Constructor.newInstanceWithCaller(Constructor.java:499)\r\n\tat java.base/java.lang.reflect.Constructor.newInstance(Constructor.java:480)\r\n\tat org.openqa.selenium.remote.http.W3CHttpResponseCodec.createException(W3CHttpResponseCodec.java:187)\r\n\tat org.openqa.selenium.remote.http.W3CHttpResponseCodec.decode(W3CHttpResponseCodec.java:122)\r\n\tat org.openqa.selenium.remote.http.W3CHttpResponseCodec.decode(W3CHttpResponseCodec.java:49)\r\n\tat org.openqa.selenium.remote.HttpCommandExecutor.execute(HttpCommandExecutor.java:158)\r\n\tat org.openqa.selenium.remote.RemoteWebDriver.execute(RemoteWebDriver.java:552)\r\n\tat org.openqa.selenium.remote.RemoteWebDriver.findElement(RemoteWebDriver.java:323)\r\n\tat org.openqa.selenium.remote.RemoteWebDriver.findElementByXPath(RemoteWebDriver.java:428)\r\n\tat org.openqa.selenium.By$ByXPath.findElement(By.java:353)\r\n\tat org.openqa.selenium.remote.RemoteWebDriver.findElement(RemoteWebDriver.java:315)\r\n\tat org.openqa.selenium.support.ui.ExpectedConditions$17.apply(ExpectedConditions.java:501)\r\n\tat org.openqa.selenium.support.ui.ExpectedConditions$17.apply(ExpectedConditions.java:497)\r\n\tat org.openqa.selenium.support.ui.FluentWait.until(FluentWait.java:249)\r\n\t... 28 more\r\n"},"stage":"finished","steps":[],"attachments":[],"parameters":[],"start":1700475764673,"stop":1700475838390}],"attachments":[],"parameters":[{"name":"arg0","value":"TradeFinanceImportBillsLodgeData [tcId=FCB-6948, summary=TradeFinance_Import_Bills_Under_Collection_Lodge_Usance_Local_EGP_ByMaker_J1, username=PT68, password=Infy@123, menu=LIIB, billType=LIBCU, type=Usance, month=6, day=0, billCcy=EGP, rateCode=null, cifId='06248759, underDocumentaryCredit=no, documentryCreditNo=null, operativeAccountId='11000624875901001, bankRef=sd, billAmt=1, bill1Amount=null, bill2Amount=null, billCountry=EG, name=sad, address1=sad, billDate=19/11/2023, onboardDate=19/11/2023, dueDate=19/11/2024, invoiceAmt=1, linkedTcid=FCB-6949, acceptLinkedTcid=FCB-6950, verifyAcceptLinkedTcid=FCB-6951, realizeLinkedTcid=FCB-6954, verifyRealizeLinkedTcid=FCB-6955, expectedResult=The bill ID is lodged successfully]"},{"name":"Data: ","value":"TradeFinanceImportBillsLodgeData [tcId=FCB-6948, summary=TradeFinance_Import_Bills_Under_Collection_Lodge_Usance_Local_EGP_ByMaker_J1, username=PT68, password=Infy@123, menu=LIIB, billType=LIBCU, type=Usance, month=6, day=0, billCcy=EGP, rateCode=null, cifId='06248759, underDocumentaryCredit=no, documentryCreditNo=null, operativeAccountId='11000624875901001, bankRef=sd, billAmt=1, bill1Amount=null, bill2Amount=null, billCountry=EG, name=sad, address1=sad, billDate=19/11/2023, onboardDate=19/11/2023, dueDate=19/11/2024, invoiceAmt=1, linkedTcid=FCB-6949, acceptLinkedTcid=FCB-6950, verifyAcceptLinkedTcid=FCB-6951, realizeLinkedTcid=FCB-6954, verifyRealizeLinkedTcid=FCB-6955, expectedResult=The bill ID is lodged successfully]"}],"start":1700475750726,"stop":1700475838391}