{"uuid":"b9845ccd-6ad9-4a1b-8b3e-fd6a7fb51dfb","historyId":"5f3790c63084d1dcb42900e91517acf3","fullName":"tests.ABE_OpenIslamicSavingsAccount_MudarabahSBA.test","labels":[{"name":"package","value":"tests.ABE_OpenIslamicSavingsAccount_MudarabahSBA"},{"name":"testClass","value":"tests.ABE_OpenIslamicSavingsAccount_MudarabahSBA"},{"name":"testMethod","value":"test"},{"name":"parentSuite","value":"Suite"},{"name":"suite","value":"Islamic Savings Account"},{"name":"subSuite","value":"tests.ABE_OpenIslamicSavingsAccount_MudarabahSBA"},{"name":"host","value":"F1TestCore2"},{"name":"thread","value":"5216@F1TestCore2.TestNG-test=Islamic Savings Account-1(29)"},{"name":"framework","value":"testng"},{"name":"language","value":"java"}],"links":[],"name":"Test Case ID: FCB-9727","status":"failed","statusDetails":{"known":false,"muted":false,"flaky":false,"message":"","trace":"java.lang.AssertionError: \r\n\tat org.testng.AssertJUnit.fail(AssertJUnit.java:65)\r\n\tat org.testng.AssertJUnit.assertTrue(AssertJUnit.java:23)\r\n\tat org.testng.AssertJUnit.assertTrue(AssertJUnit.java:33)\r\n\tat tests.ABE_OpenIslamicSavingsAccount_MudarabahSBA.test(ABE_OpenIslamicSavingsAccount_MudarabahSBA.java:76)\r\n\tat java.base/jdk.internal.reflect.NativeMethodAccessorImpl.invoke0(Native Method)\r\n\tat java.base/jdk.internal.reflect.NativeMethodAccessorImpl.invoke(NativeMethodAccessorImpl.java:77)\r\n\tat java.base/jdk.internal.reflect.DelegatingMethodAccessorImpl.invoke(DelegatingMethodAccessorImpl.java:43)\r\n\tat java.base/java.lang.reflect.Method.invoke(Method.java:568)\r\n\tat org.testng.internal.invokers.MethodInvocationHelper.invokeMethod(MethodInvocationHelper.java:139)\r\n\tat org.testng.internal.invokers.TestInvoker.invokeMethod(TestInvoker.java:664)\r\n\tat org.testng.internal.invokers.TestInvoker.invokeTestMethod(TestInvoker.java:227)\r\n\tat org.testng.internal.invokers.MethodRunner.runInSequence(MethodRunner.java:50)\r\n\tat org.testng.internal.invokers.TestInvoker$MethodInvocationAgent.invoke(TestInvoker.java:957)\r\n\tat org.testng.internal.invokers.TestInvoker.invokeTestMethods(TestInvoker.java:200)\r\n\tat org.testng.internal.invokers.TestMethodWorker.invokeTestMethods(TestMethodWorker.java:148)\r\n\tat org.testng.internal.invokers.TestMethodWorker.run(TestMethodWorker.java:128)\r\n\tat java.base/java.util.concurrent.ThreadPoolExecutor.runWorker(ThreadPoolExecutor.java:1136)\r\n\tat java.base/java.util.concurrent.ThreadPoolExecutor$Worker.run(ThreadPoolExecutor.java:635)\r\n\tat java.base/java.lang.Thread.run(Thread.java:833)\r\n"},"stage":"finished","steps":[{"name":"{testCaseId}","status":"failed","statusDetails":{"known":false,"muted":false,"flaky":false,"message":"","trace":"java.lang.AssertionError: \r\n\tat org.testng.AssertJUnit.fail(AssertJUnit.java:65)\r\n\tat org.testng.AssertJUnit.assertTrue(AssertJUnit.java:23)\r\n\tat org.testng.AssertJUnit.assertTrue(AssertJUnit.java:33)\r\n\tat tests.ABE_OpenIslamicSavingsAccount_MudarabahSBA.test(ABE_OpenIslamicSavingsAccount_MudarabahSBA.java:76)\r\n\tat java.base/jdk.internal.reflect.NativeMethodAccessorImpl.invoke0(Native Method)\r\n\tat java.base/jdk.internal.reflect.NativeMethodAccessorImpl.invoke(NativeMethodAccessorImpl.java:77)\r\n\tat java.base/jdk.internal.reflect.DelegatingMethodAccessorImpl.invoke(DelegatingMethodAccessorImpl.java:43)\r\n\tat java.base/java.lang.reflect.Method.invoke(Method.java:568)\r\n\tat org.testng.internal.invokers.MethodInvocationHelper.invokeMethod(MethodInvocationHelper.java:139)\r\n\tat org.testng.internal.invokers.TestInvoker.invokeMethod(TestInvoker.java:664)\r\n\tat org.testng.internal.invokers.TestInvoker.invokeTestMethod(TestInvoker.java:227)\r\n\tat org.testng.internal.invokers.MethodRunner.runInSequence(MethodRunner.java:50)\r\n\tat org.testng.internal.invokers.TestInvoker$MethodInvocationAgent.invoke(TestInvoker.java:957)\r\n\tat org.testng.internal.invokers.TestInvoker.invokeTestMethods(TestInvoker.java:200)\r\n\tat org.testng.internal.invokers.TestMethodWorker.invokeTestMethods(TestMethodWorker.java:148)\r\n\tat org.testng.internal.invokers.TestMethodWorker.run(TestMethodWorker.java:128)\r\n\tat java.base/java.util.concurrent.ThreadPoolExecutor.runWorker(ThreadPoolExecutor.java:1136)\r\n\tat java.base/java.util.concurrent.ThreadPoolExecutor$Worker.run(ThreadPoolExecutor.java:635)\r\n\tat java.base/java.lang.Thread.run(Thread.java:833)\r\n"},"stage":"finished","steps":[{"name":"Sending menu name","status":"passed","stage":"finished","steps":[],"attachments":[],"parameters":[{"name":"menu","value":"OISAC"}],"start":1694605826539,"stop":1694605841155},{"name":"Frame switching","status":"passed","stage":"finished","steps":[],"attachments":[],"parameters":[],"start":1694605841155,"stop":1694605849644},{"name":"Sending Customer Details","status":"passed","stage":"finished","steps":[],"attachments":[],"parameters":[{"name":"cifid","value":"1111111"}],"start":1694605849644,"stop":1694605853080},{"name":"Press SUBMIT","status":"passed","stage":"finished","steps":[],"attachments":[],"parameters":[],"start":1694605853080,"stop":1694605856945}],"attachments":[],"parameters":[{"name":"data","value":"data.OpenIslamicSavingsAccountData@1e507adb"}],"start":1694605826532,"stop":1694605857173}],"attachments":[],"parameters":[{"name":"arg0","value":"data.OpenIslamicSavingsAccountData@1e507adb"},{"name":"TCID: ","value":"FCB-9727"},{"name":"Summary: ","value":"Automation_Cycle1_OpenIslamicSavingsAccount_ByMaker"},{"name":"Username: ","value":"QA46"},{"name":"Menu: ","value":"OISAC"},{"name":"CIFID: ","value":"1111111"},{"name":"Expected Result: ","value":"The savings account is opened successfullyyy."},{"name":"Reference: ","value":"null"},{"name":"Linked TCID: ","value":"FCB-9728"}],"start":1694605826530,"stop":1694605857177}