<?xml version="1.0" encoding="UTF-8"?>
<!-- Generated by org.testng.reporters.JUnitReportReporter -->
<testsuite hostname="F1TestCore2" failures="1" tests="10" name="tests.ABEVerifyMurabahaAccountOpeningMurabahaFinancingTest" time="987.473" errors="0" timestamp="2023-10-24T23:01:47 EEST" skipped="0">
  <testcase classname="tests.ABEVerifyMurabahaAccountOpeningMurabahaFinancingTest" name="verifyIslamicMurabahaAccountOpeningTest" time="97.197"/>
  <testcase classname="tests.ABEVerifyMurabahaAccountOpeningMurabahaFinancingTest" name="verifyIslamicMurabahaAccountOpeningTest" time="96.811"/>
  <testcase classname="tests.ABEVerifyMurabahaAccountOpeningMurabahaFinancingTest" name="verifyIslamicMurabahaAccountOpeningTest" time="96.951"/>
  <testcase classname="tests.ABEVerifyMurabahaAccountOpeningMurabahaFinancingTest" name="verifyIslamicMurabahaAccountOpeningTest" time="107.759">
    <failure message="" type="java.lang.AssertionError">
      <![CDATA[java.lang.AssertionError: 
at org.testng.AssertJUnit.fail(AssertJUnit.java:65)
at org.testng.AssertJUnit.assertTrue(AssertJUnit.java:23)
at org.testng.AssertJUnit.assertTrue(AssertJUnit.java:33)
at utils.AssertionFactory.checkExpectedResult(AssertionFactory.java:8)
at tests.ABEVerifyMurabahaAccountOpeningMurabahaFinancingTest.verifyIslamicMurabahaAccountOpeningTest(ABEVerifyMurabahaAccountOpeningMurabahaFinancingTest.java:57)
at java.base/jdk.internal.reflect.NativeMethodAccessorImpl.invoke0(Native Method)
at java.base/jdk.internal.reflect.NativeMethodAccessorImpl.invoke(NativeMethodAccessorImpl.java:77)
at java.base/jdk.internal.reflect.DelegatingMethodAccessorImpl.invoke(DelegatingMethodAccessorImpl.java:43)
at java.base/java.lang.reflect.Method.invoke(Method.java:568)
at org.testng.internal.invokers.MethodInvocationHelper.invokeMethod(MethodInvocationHelper.java:139)
at org.testng.internal.invokers.TestInvoker.invokeMethod(TestInvoker.java:664)
at org.testng.internal.invokers.TestInvoker.invokeTestMethod(TestInvoker.java:227)
at org.testng.internal.invokers.MethodRunner.runInSequence(MethodRunner.java:50)
at org.testng.internal.invokers.TestInvoker$MethodInvocationAgent.invoke(TestInvoker.java:957)
at org.testng.internal.invokers.TestInvoker.invokeTestMethods(TestInvoker.java:200)
at org.testng.internal.invokers.TestMethodWorker.invokeTestMethods(TestMethodWorker.java:148)
at org.testng.internal.invokers.TestMethodWorker.run(TestMethodWorker.java:128)
at java.base/java.util.ArrayList.forEach(ArrayList.java:1511)
at org.testng.TestRunner.privateRun(TestRunner.java:848)
at org.testng.TestRunner.run(TestRunner.java:621)
at org.testng.SuiteRunner.runTest(SuiteRunner.java:443)
at org.testng.SuiteRunner.runSequentially(SuiteRunner.java:437)
at org.testng.SuiteRunner.privateRun(SuiteRunner.java:397)
at org.testng.SuiteRunner.run(SuiteRunner.java:336)
at org.testng.SuiteRunnerWorker.runSuite(SuiteRunnerWorker.java:52)
at org.testng.SuiteRunnerWorker.run(SuiteRunnerWorker.java:95)
at java.base/java.util.concurrent.ThreadPoolExecutor.runWorker(ThreadPoolExecutor.java:1136)
at java.base/java.util.concurrent.ThreadPoolExecutor$Worker.run(ThreadPoolExecutor.java:635)
at java.base/java.lang.Thread.run(Thread.java:833)
]]>
    </failure>
  </testcase> <!-- verifyIslamicMurabahaAccountOpeningTest -->
  <testcase classname="tests.ABEVerifyMurabahaAccountOpeningMurabahaFinancingTest" name="verifyIslamicMurabahaAccountOpeningTest" time="96.601"/>
  <testcase classname="tests.ABEVerifyMurabahaAccountOpeningMurabahaFinancingTest" name="verifyIslamicMurabahaAccountOpeningTest" time="105.894"/>
  <testcase classname="tests.ABEVerifyMurabahaAccountOpeningMurabahaFinancingTest" name="verifyIslamicMurabahaAccountOpeningTest" time="97.022"/>
  <testcase classname="tests.ABEVerifyMurabahaAccountOpeningMurabahaFinancingTest" name="verifyIslamicMurabahaAccountOpeningTest" time="94.998"/>
  <testcase classname="tests.ABEVerifyMurabahaAccountOpeningMurabahaFinancingTest" name="verifyIslamicMurabahaAccountOpeningTest" time="97.183"/>
  <testcase classname="tests.ABEVerifyMurabahaAccountOpeningMurabahaFinancingTest" name="verifyIslamicMurabahaAccountOpeningTest" time="97.057"/>
</testsuite> <!-- tests.ABEVerifyMurabahaAccountOpeningMurabahaFinancingTest -->
